Added Component: Designator=CObat1(Header, 2 pin, 2mm(79mil))
Added Component: Designator=LED1(LED-0603)
Added Component: Designator=SW2(SWITCH_SPST_CHS-01TB)
Added Component: Designator=U7(DFN-6_LT)
Added Pin To Net: NetName=GND Pin=CObat1-2
Added Pin To Net: NetName=GND Pin=U7-1
Added Pin To Net: NetName=GND Pin=U7-7
Added Pin To Net: NetName=CHG_IN Pin=U7-4
Added Net: Name=CHG_IN
Added Pin To Net: NetName=CHRGN Pin=LED1-2
Added Pin To Net: NetName=CHRGN Pin=U7-2
Added Net: Name=CHRGN
Added Pin To Net: NetName=CM_CHARGE_ENA Pin=U7-5
Added Net: Name=CM_CHARGE_ENA
Added Net: Name=CM_CHARGE_I
Added Net: Name=NetC28_1
Added Net: Name=NetC51_1
Added Pin To Net: NetName=NetLED1_1 Pin=LED1-1
Added Net: Name=NetLED1_1
Added Pin To Net: NetName=NetR13_1 Pin=U7-6
Added Net: Name=NetR13_1
Added Pin To Net: NetName=SW_BATT Pin=SW2-1
Added Net: Name=SW_BATT
Added Pin To Net: NetName=VBATT Pin=CObat1-1
Added Pin To Net: NetName=VBATT Pin=SW2-2
Added Pin To Net: NetName=VBATT Pin=U7-3
Added Net: Name=VBATT
Added Class: Name=BatteryCharge
Added Member To Class: ClassName=GAPandPeripherals Member=Component C21 Cap Semi
