Removed Pin From Net: NetName=VCOM Pin=C5-1
Removed Pin From Net: NetName=GND Pin=C5-2
Removed Pin From Net: NetName=GND Pin=C6-1
Removed Pin From Net: NetName=PULP_VCC Pin=C6-2
Removed Pin From Net: NetName=PULP_VCC Pin=C7-2
Removed Pin From Net: NetName=GND Pin=C8-1
Removed Pin From Net: NetName=PULP_VCC Pin=C8-2
Removed Pin From Net: NetName=PULP_VCC Pin=C10-2
Removed Pin From Net: NetName=GND Pin=C11-1
Removed Pin From Net: NetName=1V8 Pin=C11-2
Removed Pin From Net: NetName=PULP_VCC Pin=C12-2
Removed Pin From Net: NetName=GND Pin=C13-1
Removed Pin From Net: NetName=1V8 Pin=C13-2
Removed Pin From Net: NetName=PULP_VCC Pin=C14-2
Removed Pin From Net: NetName=1V8 Pin=C15-2
Removed Pin From Net: NetName=PULP_VCC Pin=C19-2
Removed Pin From Net: NetName=1V8 Pin=C21-2
Removed Pin From Net: NetName=VCOM Pin=C23-2
Removed Pin From Net: NetName=VCOM Pin=C24-2
Removed Pin From Net: NetName=1V8 Pin=C25-2
Removed Pin From Net: NetName=GND Pin=C25.1-1
Removed Pin From Net: NetName=VCOM Pin=C25.1-2
Removed Pin From Net: NetName=1V8 Pin=C26-2
Removed Pin From Net: NetName=GND Pin=C26.1-1
Removed Pin From Net: NetName=1V8 Pin=C26.1-2
Removed Pin From Net: NetName=VCOM Pin=C27-1
Removed Pin From Net: NetName=GND Pin=C27-2
Removed Pin From Net: NetName=GND Pin=C30-2
Removed Pin From Net: NetName=GND Pin=C31-1
Removed Pin From Net: NetName=DEC4 Pin=C31-2
Removed Pin From Net: NetName=DEC1 Pin=C32-1
Removed Pin From Net: NetName=VCOM Pin=C32-1
Removed Pin From Net: NetName=GND Pin=C32-2
Removed Pin From Net: NetName=GND Pin=C32-2
Removed Pin From Net: NetName=XC2 Pin=C33-1
Removed Pin From Net: NetName=GND Pin=C33-2
Removed Pin From Net: NetName=VCOM Pin=C33-2
Removed Pin From Net: NetName=P0.00/XL1 Pin=C34-1
Removed Pin From Net: NetName=GND Pin=C34-2
Removed Pin From Net: NetName=1V8 Pin=C35-1
Removed Pin From Net: NetName=GND Pin=C35-2
Removed Pin From Net: NetName=XC1 Pin=C36-1
Removed Pin From Net: NetName=GND Pin=C36-2
Removed Pin From Net: NetName=P0.01/XL2 Pin=C37-1
Removed Pin From Net: NetName=1V8 Pin=C38-1
Removed Pin From Net: NetName=DEC3 Pin=C39-1
Removed Pin From Net: NetName=GND Pin=C40-1
Removed Pin From Net: NetName=DEC2 Pin=C40-2
Removed Pin From Net: NetName=GND Pin=C41-1
Removed Pin From Net: NetName=1V8 Pin=C42-1
Removed Pin From Net: NetName=1V8 Pin=I2C-1
Removed Pin From Net: NetName=Spare_I2C.SCL Pin=I2C-2
Removed Pin From Net: NetName=GND Pin=I2C.-1
Removed Pin From Net: NetName=Spare_I2C.SDA Pin=I2C.-2
Removed Pin From Net: NetName=VCOM_CF Pin=I3-2
Removed Pin From Net: NetName=1V8 Pin=J1-1
Removed Pin From Net: NetName=PULP_JTAG.TMS Pin=J1-2
Removed Pin From Net: NetName=GND Pin=J1-3
Removed Pin From Net: NetName=PULP_JTAG.TCK Pin=J1-4
Removed Pin From Net: NetName=GND Pin=J1-5
Removed Pin From Net: NetName=PULP_JTAG.TDO Pin=J1-6
Removed Pin From Net: NetName=PULP_\R\S\T\ Pin=J1-7
Removed Pin From Net: NetName=PULP_JTAG.TDI Pin=J1-8
Removed Pin From Net: NetName=GND Pin=J1-9
Removed Pin From Net: NetName=PULP_JTAG.\T\R\S\T\ Pin=J1-10
Removed Pin From Net: NetName=\C\S\1\0\ Pin=J1.0-2
Removed Pin From Net: NetName=\C\S\1\0\ Pin=J1.0-2
Removed Pin From Net: NetName=\C\S\1\0\ Pin=J1.0-2
Removed Pin From Net: NetName=\C\S\1\0\ Pin=J1.0-2
Removed Pin From Net: NetName=\C\S\1\0\ Pin=J1.0-2
Removed Pin From Net: NetName=\C\S\1\0\ Pin=J1.0-2
Removed Pin From Net: NetName=\C\S\1\0\ Pin=J1.0-2
Removed Pin From Net: NetName=\C\S\1\0\ Pin=J1.0-2
Removed Pin From Net: NetName=\C\S\1\0\ Pin=J1.0-2
Removed Pin From Net: NetName=\C\S\1\0\ Pin=J1.0-2
Removed Pin From Net: NetName=\C\S\1\0\ Pin=J1.0-2
Removed Pin From Net: NetName=\C\S\1\0\ Pin=J1.0-2
Removed Pin From Net: NetName=\C\S\1\0\ Pin=J1.0-2
Removed Pin From Net: NetName=\C\S\1\0\ Pin=J1.0-2
Removed Pin From Net: NetName=\C\S\1\0\ Pin=J1.0-2
Removed Pin From Net: NetName=\C\S\1\0\ Pin=J1.0-2
Removed Pin From Net: NetName=\C\S\1\0\ Pin=J1.0-2
Removed Pin From Net: NetName=\C\S\1\0\ Pin=J1.0-2
Removed Pin From Net: NetName=\C\S\1\1\ Pin=J1.1-2
Removed Pin From Net: NetName=\C\S\1\1\ Pin=J1.1-2
Removed Pin From Net: NetName=\C\S\1\1\ Pin=J1.1-2
Removed Pin From Net: NetName=\C\S\1\1\ Pin=J1.1-2
Removed Pin From Net: NetName=\C\S\1\1\ Pin=J1.1-2
Removed Pin From Net: NetName=\C\S\1\1\ Pin=J1.1-2
Removed Pin From Net: NetName=\C\S\1\1\ Pin=J1.1-2
Removed Pin From Net: NetName=\C\S\1\1\ Pin=J1.1-2
Removed Pin From Net: NetName=\C\S\1\1\ Pin=J1.1-2
Removed Pin From Net: NetName=\C\S\1\1\ Pin=J1.1-2
Removed Pin From Net: NetName=\C\S\1\1\ Pin=J1.1-2
Removed Pin From Net: NetName=\C\S\1\1\ Pin=J1.1-2
Removed Pin From Net: NetName=\C\S\1\1\ Pin=J1.1-2
Removed Pin From Net: NetName=\C\S\1\1\ Pin=J1.1-2
Removed Pin From Net: NetName=\C\S\1\1\ Pin=J1.1-2
Removed Pin From Net: NetName=\C\S\1\1\ Pin=J1.1-2
Removed Pin From Net: NetName=\C\S\1\1\ Pin=J1.1-2
Removed Pin From Net: NetName=\C\S\1\1\ Pin=J1.1-2
Removed Pin From Net: NetName=GND Pin=J2-2
Removed Pin From Net: NetName=GND Pin=J2-2
Removed Pin From Net: NetName=GND Pin=J2-2
Removed Pin From Net: NetName=GND Pin=J2-2
Removed Pin From Net: NetName=GND Pin=J2-2
Removed Pin From Net: NetName=GND Pin=J2-2
Removed Pin From Net: NetName=GND Pin=J2-2
Removed Pin From Net: NetName=GND Pin=J2-2
Removed Pin From Net: NetName=GND Pin=J2-2
Removed Pin From Net: NetName=GND Pin=J2-2
Removed Pin From Net: NetName=GND Pin=J2-2
Removed Pin From Net: NetName=GND Pin=J2-2
Removed Pin From Net: NetName=GND Pin=J2-2
Removed Pin From Net: NetName=GND Pin=J2-2
Removed Pin From Net: NetName=GND Pin=J2-2
Removed Pin From Net: NetName=GND Pin=J2-2
Removed Pin From Net: NetName=GND Pin=J2-2
Removed Pin From Net: NetName=GND Pin=J2-2
Removed Pin From Net: NetName=\C\S\2\0\ Pin=J2.0-2
Removed Pin From Net: NetName=\C\S\2\0\ Pin=J2.0-2
Removed Pin From Net: NetName=\C\S\2\0\ Pin=J2.0-2
Removed Pin From Net: NetName=\C\S\2\0\ Pin=J2.0-2
Removed Pin From Net: NetName=\C\S\2\0\ Pin=J2.0-2
Removed Pin From Net: NetName=\C\S\2\0\ Pin=J2.0-2
Removed Pin From Net: NetName=\C\S\2\0\ Pin=J2.0-2
Removed Pin From Net: NetName=\C\S\2\0\ Pin=J2.0-2
Removed Pin From Net: NetName=\C\S\2\0\ Pin=J2.0-2
Removed Pin From Net: NetName=\C\S\2\0\ Pin=J2.0-2
Removed Pin From Net: NetName=\C\S\2\0\ Pin=J2.0-2
Removed Pin From Net: NetName=\C\S\2\0\ Pin=J2.0-2
Removed Pin From Net: NetName=\C\S\2\0\ Pin=J2.0-2
Removed Pin From Net: NetName=\C\S\2\0\ Pin=J2.0-2
Removed Pin From Net: NetName=\C\S\2\0\ Pin=J2.0-2
Removed Pin From Net: NetName=\C\S\2\0\ Pin=J2.0-2
Removed Pin From Net: NetName=\C\S\2\0\ Pin=J2.0-2
Removed Pin From Net: NetName=\C\S\2\0\ Pin=J2.0-2
Removed Pin From Net: NetName=\C\S\2\1\ Pin=J2.1-2
Removed Pin From Net: NetName=\C\S\2\1\ Pin=J2.1-2
Removed Pin From Net: NetName=\C\S\2\1\ Pin=J2.1-2
Removed Pin From Net: NetName=\C\S\2\1\ Pin=J2.1-2
Removed Pin From Net: NetName=\C\S\2\1\ Pin=J2.1-2
Removed Pin From Net: NetName=\C\S\2\1\ Pin=J2.1-2
Removed Pin From Net: NetName=\C\S\2\1\ Pin=J2.1-2
Removed Pin From Net: NetName=\C\S\2\1\ Pin=J2.1-2
Removed Pin From Net: NetName=\C\S\2\1\ Pin=J2.1-2
Removed Pin From Net: NetName=\C\S\2\1\ Pin=J2.1-2
Removed Pin From Net: NetName=\C\S\2\1\ Pin=J2.1-2
Removed Pin From Net: NetName=\C\S\2\1\ Pin=J2.1-2
Removed Pin From Net: NetName=\C\S\2\1\ Pin=J2.1-2
Removed Pin From Net: NetName=\C\S\2\1\ Pin=J2.1-2
Removed Pin From Net: NetName=\C\S\2\1\ Pin=J2.1-2
Removed Pin From Net: NetName=\C\S\2\1\ Pin=J2.1-2
Removed Pin From Net: NetName=\C\S\2\1\ Pin=J2.1-2
Removed Pin From Net: NetName=\C\S\2\1\ Pin=J2.1-2
Removed Pin From Net: NetName=PULP_VCC Pin=L1-1
Removed Pin From Net: NetName=DEC4 Pin=L2-1
Removed Pin From Net: NetName=1V8 Pin=L2.1-2
Removed Pin From Net: NetName=NetL2_2 Pin=L3-1
Removed Pin From Net: NetName=RF Pin=L4-2
Removed Pin From Net: NetName=1V8 Pin=P4-1
Removed Pin From Net: NetName=SWDIO Pin=P4-2
Removed Pin From Net: NetName=SWDCLK Pin=P4-3
Removed Pin From Net: NetName=GND Pin=P4-4
Removed Pin From Net: NetName=P0.21/RESET Pin=P4-5
Removed Pin From Net: NetName=GND Pin=P4-6
Removed Pin From Net: NetName=VCOM Pin=R2-2
Removed Pin From Net: NetName=NetR3_1 Pin=R3-1
Removed Pin From Net: NetName=NetD2_1 Pin=R3-2
Removed Pin From Net: NetName=VCOM_CF Pin=R3-2
Removed Pin From Net: NetName=NetD1_1 Pin=R4-2
Removed Pin From Net: NetName=GND Pin=R6-2
Removed Pin From Net: NetName=GND Pin=R7-1
Removed Pin From Net: NetName=1V8 Pin=R7-2
Removed Pin From Net: NetName=GPIO_A3_1V8 Pin=U1-1
Removed Pin From Net: NetName=GPIO_A2_1V8 Pin=U1-3
Removed Pin From Net: NetName=PULP_SPI_1V8.MOSI Pin=U1-4
Removed Pin From Net: NetName=PULP_SPI_1V8.MISO Pin=U1-5
Removed Pin From Net: NetName=PULP_SPI_1V8.SCK Pin=U1-6
Removed Pin From Net: NetName=SPI_CS0_1V8 Pin=U1-7
Removed Pin From Net: NetName=SPI_CS0_3V0 Pin=U1-10
Removed Pin From Net: NetName=DEC1 Pin=U4-1
Removed Pin From Net: NetName=P0.00/XL1 Pin=U4-2
Removed Pin From Net: NetName=NetR3_1 Pin=U4-3
Removed Pin From Net: NetName=P0.01/XL2 Pin=U4-3
Removed Pin From Net: NetName=NetR9_1 Pin=U4-10
Removed Pin From Net: NetName=NetR8_1 Pin=U4-11
Removed Pin From Net: NetName=NetR6_1 Pin=U4-12
Removed Pin From Net: NetName=1V8 Pin=U4-13
Removed Pin From Net: NetName=PULP_SPI_1V8.MOSI Pin=U4-14
Removed Pin From Net: NetName=PULP_SPI_1V8.MISO Pin=U4-15
Removed Pin From Net: NetName=PULP_SPI_1V8.SCK Pin=U4-16
Removed Pin From Net: NetName=SPI_CS0_1V8 Pin=U4-17
Removed Pin From Net: NetName=P0.21/RESET Pin=U4-24
Removed Pin From Net: NetName=SWDCLK Pin=U4-25
Removed Pin From Net: NetName=SWDIO Pin=U4-26
Removed Pin From Net: NetName=NetR4_1 Pin=U4-28
Removed Pin From Net: NetName=NetR3_1 Pin=U4-29
Removed Pin From Net: NetName=GND Pin=U4-31
Removed Pin From Net: NetName=DEC2 Pin=U4-32
Removed Pin From Net: NetName=DEC3 Pin=U4-33
Removed Pin From Net: NetName=XC1 Pin=U4-34
Removed Pin From Net: NetName=XC2 Pin=U4-35
Removed Pin From Net: NetName=1V8 Pin=U4-36
Removed Pin From Net: NetName=P0.25 Pin=U4-37
Removed Pin From Net: NetName=P0.26 Pin=U4-38
Removed Pin From Net: NetName=P0.27 Pin=U4-39
Removed Pin From Net: NetName=P0.28/AIN4 Pin=U4-40
Removed Pin From Net: NetName=P0.29/AIN5 Pin=U4-41
Removed Pin From Net: NetName=P0.30/AIN6 Pin=U4-42
Removed Pin From Net: NetName=P0.31/AIN7 Pin=U4-43
Removed Pin From Net: NetName=GND Pin=U4-45
Removed Pin From Net: NetName=DEC4 Pin=U4-46
Removed Pin From Net: NetName=NetL3_2 Pin=U4-47
Removed Pin From Net: NetName=1V8 Pin=U4-48
Removed Pin From Net: NetName=GND Pin=U4-49
Removed Member From Class: ClassName=GAPandPeripherals Member=C6
Removed Member From Class: ClassName=GAPandPeripherals Member=C7
Removed Member From Class: ClassName=GAPandPeripherals Member=C8
Removed Member From Class: ClassName=GAPandPeripherals Member=C9
Removed Member From Class: ClassName=GAPandPeripherals Member=C10
Removed Member From Class: ClassName=GAPandPeripherals Member=C11
Removed Member From Class: ClassName=GAPandPeripherals Member=C12
Removed Member From Class: ClassName=GAPandPeripherals Member=C13
Removed Member From Class: ClassName=Power Member=C25.1
Removed Member From Class: ClassName=Power Member=C25
Removed Member From Class: ClassName=Power Member=C26.1
Removed Member From Class: ClassName=Power Member=C27
Removed Member From Class: ClassName=Power Member=C30
Removed Member From Class: ClassName=Communications Member=C31
Removed Member From Class: ClassName=Power Member=C31
Removed Member From Class: ClassName=Communications Member=C32
Removed Member From Class: ClassName=Power Member=C32
Removed Member From Class: ClassName=Communications Member=C33
Removed Member From Class: ClassName=Power Member=C33
Removed Member From Class: ClassName=Communications Member=C34
Removed Member From Class: ClassName=Communications Member=C35
Removed Member From Class: ClassName=GAPandPeripherals Member=I2C.
Removed Member From Class: ClassName=GAPandPeripherals Member=I2C
Removed Member From Class: ClassName=GAPandPeripherals Member=J1.0
Removed Member From Class: ClassName=GAPandPeripherals Member=J1.1
Removed Member From Class: ClassName=GAPandPeripherals Member=J2.0
Removed Member From Class: ClassName=GAPandPeripherals Member=J2.1
Removed Member From Class: ClassName=GAPandPeripherals Member=L1
Removed Member From Class: ClassName=Power Member=L2.1
Removed Member From Class: ClassName=Communications Member=L2
Removed Member From Class: ClassName=Communications Member=P4
Removed Member From Class: ClassName=Communications Member=R3
Removed Member From Class: ClassName=Communications Member=R4
Removed Member From Class: ClassName=Power Member=R7
Removed Member From Class: ClassName=Communications Member=R?
Removed Member From Class: ClassName=Communications Member=U4
Removed Member From Class: ClassName=GAPandPeripherals Member=Y2
Change Component DesignItemId : Designator=C41 Old DesignItemId=C0402-0.8p New DesignItemId=C0402-12p
Change Component DesignItemId : Designator=C37 Old DesignItemId=C0402-12p New DesignItemId=C0402-100n
Change Component DesignItemId : Designator=C36 Old DesignItemId=C0402-12p New DesignItemId=C0603-1µ0
Change Component DesignItemId : Designator=C34 Old DesignItemId=C0402-12p New DesignItemId=CMP-1034-02065-1
Change Component DesignItemId : Designator=C38 Old DesignItemId=C0402-100n New DesignItemId=C0402-12p
Change Component DesignItemId : Designator=C42 Old DesignItemId=C0402-100n New DesignItemId=C0402-12p
Change Component DesignItemId : Designator=C39 Old DesignItemId=C0402-100p New DesignItemId=C0402-12p
Change Component DesignItemId : Designator=C40 Old DesignItemId=C0402-N.C. New DesignItemId=C0603-4µ7
Change Component DesignItemId : Designator=C35 Old DesignItemId=C0603-4µ7 New DesignItemId=CMP-1034-02065-1
Change Component DesignItemId : Designator=C3 Old DesignItemId=Cap New DesignItemId=CMP-1034-02065-1
Change Component DesignItemId : Designator=C4 Old DesignItemId=Cap New DesignItemId=CMP-1034-02065-1
Change Component DesignItemId : Designator=C30 Old DesignItemId=Cap New DesignItemId=CMP-1034-02065-1
Change Component DesignItemId : Designator=C32 Old DesignItemId=Cap New DesignItemId=CMP-1034-02065-1
Change Component DesignItemId : Designator=C33 Old DesignItemId=Cap New DesignItemId=CMP-1034-02065-1
Change Component DesignItemId : Designator=C31 Old DesignItemId=Cap New DesignItemId=CMP-1034-02137-1
Change Component DesignItemId : Designator=L1 Old DesignItemId=CMP-00905-1 New DesignItemId=CMP-1392-00029-1
Change Component DesignItemId : Designator=C22 Old DesignItemId=CMP-1034-00722-1 New DesignItemId=CMP-1034-02065-1
Change Component DesignItemId : Designator=C29 Old DesignItemId=CMP-1034-00722-1 New DesignItemId=CMP-1034-02065-1
Change Component DesignItemId : Designator=C6 Old DesignItemId=CMP-1034-02065-1 New DesignItemId=Cap
Change Component DesignItemId : Designator=C8 Old DesignItemId=CMP-1034-02065-1 New DesignItemId=Cap
Change Component DesignItemId : Designator=C10 Old DesignItemId=CMP-1034-02065-1 New DesignItemId=Cap
Change Component DesignItemId : Designator=C11 Old DesignItemId=CMP-1034-02065-1 New DesignItemId=Cap
Change Component DesignItemId : Designator=C12 Old DesignItemId=CMP-1034-02065-1 New DesignItemId=Cap
Change Component DesignItemId : Designator=C13 Old DesignItemId=CMP-1034-02065-1 New DesignItemId=Cap
Change Component DesignItemId : Designator=C14 Old DesignItemId=CMP-1034-02065-1 New DesignItemId=CMP-1034-00722-1
Change Component DesignItemId : Designator=C15 Old DesignItemId=CMP-1034-02065-1 New DesignItemId=CMP-1034-00722-1
Change Component DesignItemId : Designator=C7 Old DesignItemId=CMP-1034-02065-1 New DesignItemId=CMP-1034-02137-1
Change Component DesignItemId : Designator=C16 Old DesignItemId=CMP-1034-02065-1 New DesignItemId=CMP-1034-02137-1
Change Component DesignItemId : Designator=C9 Old DesignItemId=CMP-1034-02065-1 New DesignItemId=CMP-1034-02138-1
Change Component DesignItemId : Designator=C19 Old DesignItemId=CMP-1034-02137-1 New DesignItemId=CMP-1034-02065-1
Change Component DesignItemId : Designator=C23 Old DesignItemId=CMP-1034-02137-1 New DesignItemId=CMP-1034-02065-1
Change Component DesignItemId : Designator=J1 Old DesignItemId=CMP-01117-1 New DesignItemId=CMP-00005-4
Change Component DesignItemId : Designator=R7 Old DesignItemId=CMP-2002-00607-3 New DesignItemId=Res3
Change Component DesignItemId : Designator=I3 Old DesignItemId=CON-1x2-Male New DesignItemId=CMP-00149-1
Change Component DesignItemId : Designator=L4 Old DesignItemId=L0402-3n9 New DesignItemId=L0603-10µ
Change Component DesignItemId : Designator=L2 Old DesignItemId=L0402-15n New DesignItemId=CMP-00905-1
Change Component DesignItemId : Designator=L3 Old DesignItemId=L0603-10µ New DesignItemId=L0402-15n
Change Component DesignItemId : Designator=R2 Old DesignItemId=Res2 New DesignItemId=CMP-2002-00607-3
Change Component DesignItemId : Designator=R3 Old DesignItemId=Res3 New DesignItemId=Res2
Change Component DesignItemId : Designator=R4 Old DesignItemId=Res3 New DesignItemId=Res2
Change Component Footprint: Designator=R6 Old Footprint=0402 New Footprint=res_0402_R - modified
Change Component Footprint: Designator=C6 Old Footprint=CAPC0402(1005)60_N New Footprint=cap_0402_R - modified
Change Component Footprint: Designator=C8 Old Footprint=CAPC0402(1005)60_N New Footprint=cap_0402_R - modified
Change Component Footprint: Designator=C10 Old Footprint=CAPC0402(1005)60_N New Footprint=cap_0402_R - modified
Change Component Footprint: Designator=C11 Old Footprint=CAPC0402(1005)60_N New Footprint=cap_0402_R - modified
Change Component Footprint: Designator=C12 Old Footprint=CAPC0402(1005)60_N New Footprint=cap_0402_R - modified
Change Component Footprint: Designator=C13 Old Footprint=CAPC0402(1005)60_N New Footprint=cap_0402_R - modified
Change Component Footprint: Designator=C36 Old Footprint=CAPC1005X04L New Footprint=CAPC1608X06L
Change Component Footprint: Designator=C40 Old Footprint=CAPC1005X04L New Footprint=CAPC1608X06L
Change Component Footprint: Designator=L4 Old Footprint=INDC1005X04L New Footprint=J1-0603
Change Component Footprint: Designator=L3 Old Footprint=J1-0603 New Footprint=INDC1005X04L
Change Component Footprint: Designator=R3 Old Footprint=res_0402_R - modified New Footprint=cap_0402_R - modified
Change Component Footprint: Designator=R4 Old Footprint=res_0402_R - modified New Footprint=cap_0402_R - modified
Change Component Footprint: Designator=R7 Old Footprint=RESC1005X40X25NL05T05 New Footprint=res_0402_R - modified
Change Component Comment : Designator=C41 Old Comment=0.8pF New Comment=12pF
Change Component Comment : Designator=R6 Old Comment=0R New Comment=Res3
Change Component Comment : Designator=L4 Old Comment=3.9nH New Comment=L0603B100KDWFT
Change Component Comment : Designator=C19 Old Comment=4.7uF New Comment=100nF
Change Component Comment : Designator=C23 Old Comment=4.7uF New Comment=100nF
Change Component Comment : Designator=C35 Old Comment=4.7µF New Comment=100nF
Change Component Comment : Designator=R7 Old Comment=10k New Comment=Res3
Change Component Comment : Designator=C22 Old Comment=10pF New Comment=100nF
Change Component Comment : Designator=C29 Old Comment=10pF New Comment=100nF
Change Component Comment : Designator=C36 Old Comment=12pF New Comment=1.0µF
Change Component Comment : Designator=C34 Old Comment=12pF New Comment=100nF
Change Component Comment : Designator=C37 Old Comment=12pF New Comment=100nF
Change Component Comment : Designator=C7 Old Comment=100nF New Comment=4.7uF
Change Component Comment : Designator=C16 Old Comment=100nF New Comment=4.7uF
Change Component Comment : Designator=C14 Old Comment=100nF New Comment=10pF
Change Component Comment : Designator=C15 Old Comment=100nF New Comment=10pF
Change Component Comment : Designator=C9 Old Comment=100nF New Comment=10uF
Change Component Comment : Designator=C38 Old Comment=100nF New Comment=12pF
Change Component Comment : Designator=C42 Old Comment=100nF New Comment=12pF
Change Component Comment : Designator=C13 Old Comment=100nF New Comment=C
Change Component Comment : Designator=C6 Old Comment=100nF New Comment=Cap
Change Component Comment : Designator=C8 Old Comment=100nF New Comment=Cap
Change Component Comment : Designator=C10 Old Comment=100nF New Comment=Cap
Change Component Comment : Designator=C11 Old Comment=100nF New Comment=Cap
Change Component Comment : Designator=C12 Old Comment=100nF New Comment=Cap
Change Component Comment : Designator=C39 Old Comment=100pF New Comment=12pF
Change Component Comment : Designator=J1 Old Comment=20021111-00010T4LF New Comment=Solder Jumper
Change Component Comment : Designator=C30 Old Comment=C New Comment=100nF
Change Component Comment : Designator=C31 Old Comment=Cap New Comment=4.7uF
Change Component Comment : Designator=C3 Old Comment=Cap New Comment=100nF
Change Component Comment : Designator=C4 Old Comment=Cap New Comment=100nF
Change Component Comment : Designator=C32 Old Comment=Cap New Comment=100nF
Change Component Comment : Designator=C33 Old Comment=Cap New Comment=100nF
Change Component Comment : Designator=L3 Old Comment=L0603B100KDWFT New Comment=LQW15AN15NJ00D
Change Component Comment : Designator=L2 Old Comment=LQW15AN15NJ00D New Comment=SRN4026-220M
Change Component Comment : Designator=C40 Old Comment=N.C. New Comment=4.7µF
Change Component Comment : Designator=R2 Old Comment=R New Comment=10k
Change Component Comment : Designator=R3 Old Comment=Res3 New Comment=R
Change Component Comment : Designator=R4 Old Comment=Res3 New Comment=R
Change Component Comment : Designator=L1 Old Comment=SRN4026-220M New Comment=74479775222
Change Component Description : Designator=C19 Old Description=CAP 4.7uF 6.3V ±20% 0402 (1005 Metric) Thickness 0.6mm SMD New Description=CAP 100nF 10V ±10% 0402 (1005 Metric) Thickness 0.6mm SMD
Change Component Description : Designator=C23 Old Description=CAP 4.7uF 6.3V ±20% 0402 (1005 Metric) Thickness 0.6mm SMD New Description=CAP 100nF 10V ±10% 0402 (1005 Metric) Thickness 0.6mm SMD
Change Component Description : Designator=C22 Old Description=CAP 10pF 50V ±2% 0402 (1005 Metric) Thickness 0.6mm SMD New Description=CAP 100nF 10V ±10% 0402 (1005 Metric) Thickness 0.6mm SMD
Change Component Description : Designator=C29 Old Description=CAP 10pF 50V ±2% 0402 (1005 Metric) Thickness 0.6mm SMD New Description=CAP 100nF 10V ±10% 0402 (1005 Metric) Thickness 0.6mm SMD
Change Component Description : Designator=C7 Old Description=CAP 100nF 10V ±10% 0402 (1005 Metric) Thickness 0.6mm SMD New Description=CAP 4.7uF 6.3V ±20% 0402 (1005 Metric) Thickness 0.6mm SMD
Change Component Description : Designator=C16 Old Description=CAP 100nF 10V ±10% 0402 (1005 Metric) Thickness 0.6mm SMD New Description=CAP 4.7uF 6.3V ±20% 0402 (1005 Metric) Thickness 0.6mm SMD
Change Component Description : Designator=C14 Old Description=CAP 100nF 10V ±10% 0402 (1005 Metric) Thickness 0.6mm SMD New Description=CAP 10pF 50V ±2% 0402 (1005 Metric) Thickness 0.6mm SMD
Change Component Description : Designator=C15 Old Description=CAP 100nF 10V ±10% 0402 (1005 Metric) Thickness 0.6mm SMD New Description=CAP 10pF 50V ±2% 0402 (1005 Metric) Thickness 0.6mm SMD
Change Component Description : Designator=C9 Old Description=CAP 100nF 10V ±10% 0402 (1005 Metric) Thickness 0.6mm SMD New Description=CAP 10uF 6.3V ±20% 0402 (1005 Metric) Thickness 0.6mm SMD
Change Component Description : Designator=C34 Old Description=Capacitor, NP0, ±2% New Description=CAP 100nF 10V ±10% 0402 (1005 Metric) Thickness 0.6mm SMD
Change Component Description : Designator=C37 Old Description=Capacitor, NP0, ±2% New Description=Capacitor, X7R, ±10%
Change Component Description : Designator=C39 Old Description=Capacitor, NP0, ±5% New Description=Capacitor, NP0, ±2%
Change Component Description : Designator=C41 Old Description=Capacitor, NP0, ±5% New Description=Capacitor, NP0, ±2%
Change Component Description : Designator=C35 Old Description=Capacitor, X5R, ±10% New Description=CAP 100nF 10V ±10% 0402 (1005 Metric) Thickness 0.6mm SMD
Change Component Description : Designator=C38 Old Description=Capacitor, X7R, ±10% New Description=Capacitor, NP0, ±2%
Change Component Description : Designator=C42 Old Description=Capacitor, X7R, ±10% New Description=Capacitor, NP0, ±2%
Change Component Description : Designator=C31 Old Description=Capacitor New Description=CAP 4.7uF 6.3V ±20% 0402 (1005 Metric) Thickness 0.6mm SMD
Change Component Description : Designator=C3 Old Description=Capacitor New Description=CAP 100nF 10V ±10% 0402 (1005 Metric) Thickness 0.6mm SMD
Change Component Description : Designator=C4 Old Description=Capacitor New Description=CAP 100nF 10V ±10% 0402 (1005 Metric) Thickness 0.6mm SMD
Change Component Description : Designator=C30 Old Description=Capacitor New Description=CAP 100nF 10V ±10% 0402 (1005 Metric) Thickness 0.6mm SMD
Change Component Description : Designator=C32 Old Description=Capacitor New Description=CAP 100nF 10V ±10% 0402 (1005 Metric) Thickness 0.6mm SMD
Change Component Description : Designator=C33 Old Description=Capacitor New Description=CAP 100nF 10V ±10% 0402 (1005 Metric) Thickness 0.6mm SMD
Change Component Description : Designator=J1 Old Description=CONN HEADER VERT 10POS 1.27MM New Description=
Change Component Description : Designator=L2 Old Description=High frequency chip inductor ±10% New Description=Inductor Power Semi-Shielded Wirewound 22uH 20% 100KHz 11Q-Factor Ferrite 670mA 234mOhm DCR 1515 T/R
Change Component Description : Designator=L1 Old Description=Inductor Power Semi-Shielded Wirewound 22uH 20% 100KHz 11Q-Factor Ferrite 670mA 234mOhm DCR 1515 T/R New Description=Power Multilayer Inductor WE-PMI, L=2.20 µH
Change Component Description : Designator=R2 Old Description=Resistor New Description=Chip Resistor, 10 KOhm, +/- 1%, 100 mW, -55 to 155 degC, 0402 (1005 Metric), RoHS, Tape and Reel
Change Component Library : Designator=L1 Old Library=ETHZ Vault New Library=Altium Content Vault
Change Component Library : Designator=I3 Old Library=GAP_Shield.SCHLIB New Library=ETHZ Vault
Change Component Library : Designator=C3 Old Library=Miscellaneous Devices.IntLib New Library=Altium Content Vault
Change Component Library : Designator=C4 Old Library=Miscellaneous Devices.IntLib New Library=Altium Content Vault
Change Component Library : Designator=C30 Old Library=Miscellaneous Devices.IntLib New Library=Altium Content Vault
Change Component Library : Designator=C31 Old Library=Miscellaneous Devices.IntLib New Library=Altium Content Vault
Change Component Library : Designator=C32 Old Library=Miscellaneous Devices.IntLib New Library=Altium Content Vault
Change Component Library : Designator=C33 Old Library=Miscellaneous Devices.IntLib New Library=Altium Content Vault
Change Component Library : Designator=R2 Old Library=Miscellaneous Devices.IntLib New Library=Altium Content Vault
Change Component Library : Designator=C34 Old Library=Nordic Passive DB.DbLib New Library=Altium Content Vault
Change Component Library : Designator=C35 Old Library=Nordic Passive DB.DbLib New Library=Altium Content Vault
Change Component Library : Designator=L2 Old Library=Nordic Passive DB.DbLib New Library=ETHZ Vault
Added Component: Designator=C43(CAPC1005X04L)
Added Component: Designator=C44(CAPC1005X04L)
Added Component: Designator=C45(CAPC1005X04L)
Added Component: Designator=C46(CAPC1005X04L)
Added Component: Designator=C47(CAPC1005X04L)
Added Component: Designator=I2(Pin Header, 1x2, TH)
Added Component: Designator=L5(INDC1005X04L)
Added Component: Designator=P3(HDR1X6)
Added Component: Designator=R10(0402)
Added Component: Designator=R11(0402)
Added Component: Designator=U6(QFN40P600X600X90-48N)
Added Pin To Net: NetName=GND Pin=C3-1
Added Pin To Net: NetName=1V8 Pin=C3-2
Added Pin To Net: NetName=VCOM Pin=C4-1
Added Pin To Net: NetName=GND Pin=C4-2
Added Pin To Net: NetName=VCOM Pin=C7-2
Added Pin To Net: NetName=VCOM Pin=C8-1
Added Pin To Net: NetName=GND Pin=C8-2
Added Pin To Net: NetName=VCOM Pin=C11-1
Added Pin To Net: NetName=GND Pin=C11-2
Added Pin To Net: NetName=VCOM Pin=C12-2
Added Pin To Net: NetName=GND Pin=C13-2
Added Pin To Net: NetName=1V8 Pin=C19-2
Added Pin To Net: NetName=PULP_VCC Pin=C21-2
Added Pin To Net: NetName=PULP_VCC Pin=C22-2
Added Pin To Net: NetName=PULP_VCC Pin=C23-2
Added Pin To Net: NetName=PULP_VCC Pin=C24-2
Added Pin To Net: NetName=PULP_VCC Pin=C25-2
Added Pin To Net: NetName=PULP_VCC Pin=C26-2
Added Pin To Net: NetName=GND Pin=C27-1
Added Pin To Net: NetName=PULP_VCC Pin=C27-2
Added Pin To Net: NetName=1V8 Pin=C29-2
Added Pin To Net: NetName=GND Pin=C30-1
Added Pin To Net: NetName=1V8 Pin=C30-2
Added Pin To Net: NetName=VCOM Pin=C31-2
Added Pin To Net: NetName=GND Pin=C32-1
Added Pin To Net: NetName=VCOM Pin=C32-2
Added Pin To Net: NetName=1V8 Pin=C33-2
Added Pin To Net: NetName=GND Pin=C34-1
Added Pin To Net: NetName=1V8 Pin=C34-2
Added Pin To Net: NetName=GND Pin=C35-1
Added Pin To Net: NetName=1V8 Pin=C35-2
Added Pin To Net: NetName=GND Pin=C36-1
Added Pin To Net: NetName=DEC4 Pin=C36-2
Added Pin To Net: NetName=DEC1 Pin=C37-1
Added Pin To Net: NetName=XC2 Pin=C38-1
Added Pin To Net: NetName=P0.00/XL1 Pin=C39-1
Added Pin To Net: NetName=1V8 Pin=C40-1
Added Pin To Net: NetName=GND Pin=C40-2
Added Pin To Net: NetName=XC1 Pin=C41-1
Added Pin To Net: NetName=GND Pin=C41-2
Added Pin To Net: NetName=P0.01/XL2 Pin=C42-1
Added Pin To Net: NetName=1V8 Pin=C43-1
Added Pin To Net: NetName=GND Pin=C43-2
Added Pin To Net: NetName=DEC3 Pin=C44-1
Added Pin To Net: NetName=GND Pin=C44-2
Added Pin To Net: NetName=GND Pin=C45-1
Added Pin To Net: NetName=DEC2 Pin=C45-2
Added Pin To Net: NetName=GND Pin=C46-1
Added Pin To Net: NetName=1V8 Pin=C47-1
Added Pin To Net: NetName=GND Pin=C47-2
Added Pin To Net: NetName=GND Pin=I2-1
Added Pin To Net: NetName=VCOM_CF Pin=I2-2
Added Pin To Net: NetName=Spare_I2C.SDA Pin=I3-2
Added Pin To Net: NetName=\C\S\1\1\ Pin=J1-2
Added Pin To Net: NetName=\C\S\2\1\ Pin=J2-2
Added Pin To Net: NetName=\C\S\2\1\ Pin=J2-2
Added Pin To Net: NetName=\C\S\2\1\ Pin=J2-2
Added Pin To Net: NetName=\C\S\2\1\ Pin=J2-2
Added Pin To Net: NetName=\C\S\2\1\ Pin=J2-2
Added Pin To Net: NetName=\C\S\2\1\ Pin=J2-2
Added Pin To Net: NetName=\C\S\2\1\ Pin=J2-2
Added Pin To Net: NetName=\C\S\2\1\ Pin=J2-2
Added Pin To Net: NetName=\C\S\2\1\ Pin=J2-2
Added Pin To Net: NetName=\C\S\2\1\ Pin=J2-2
Added Pin To Net: NetName=\C\S\2\1\ Pin=J2-2
Added Pin To Net: NetName=\C\S\2\1\ Pin=J2-2
Added Pin To Net: NetName=\C\S\2\1\ Pin=J2-2
Added Pin To Net: NetName=\C\S\2\1\ Pin=J2-2
Added Pin To Net: NetName=\C\S\2\1\ Pin=J2-2
Added Pin To Net: NetName=\C\S\2\1\ Pin=J2-2
Added Pin To Net: NetName=\C\S\2\1\ Pin=J2-2
Added Pin To Net: NetName=\C\S\2\1\ Pin=J2-2
Added Pin To Net: NetName=1V8 Pin=L1-2
Added Pin To Net: NetName=PULP_VCC Pin=L2-1
Added Pin To Net: NetName=DEC4 Pin=L3-1
Added Pin To Net: NetName=NetL3_2 Pin=L4-1
Added Pin To Net: NetName=RF Pin=L5-2
Added Pin To Net: NetName=1V8 Pin=P3-1
Added Pin To Net: NetName=SWDIO Pin=P3-2
Added Pin To Net: NetName=SWDCLK Pin=P3-3
Added Pin To Net: NetName=GND Pin=P3-4
Added Pin To Net: NetName=P0.21/RESET Pin=P3-5
Added Pin To Net: NetName=GND Pin=P3-6
Added Pin To Net: NetName=GND Pin=R2-1
Added Pin To Net: NetName=1V8 Pin=R2-2
Added Pin To Net: NetName=VCOM Pin=R3-2
Added Pin To Net: NetName=VCOM_CF Pin=R4-2
Added Pin To Net: NetName=NetD2_1 Pin=R6-2
Added Pin To Net: NetName=NetD1_1 Pin=R7-2
Added Pin To Net: NetName=GND Pin=R10-2
Added Pin To Net: NetName=GPIO_A3_1V8 Pin=U2-1
Added Pin To Net: NetName=GPIO_A2_1V8 Pin=U2-3
Added Pin To Net: NetName=PULP_SPI_1V8.MOSI Pin=U2-4
Added Pin To Net: NetName=PULP_SPI_1V8.MISO Pin=U2-5
Added Pin To Net: NetName=PULP_SPI_1V8.SCK Pin=U2-6
Added Pin To Net: NetName=SPI_CS0_1V8 Pin=U2-7
Added Pin To Net: NetName=SPI_CS0_3V0 Pin=U2-10
Added Pin To Net: NetName=NetR3_1 Pin=U3-3
Added Pin To Net: NetName=NetR4_1 Pin=U4-3
Added Pin To Net: NetName=NetL2_2 Pin=U5-D4
Added Pin To Net: NetName=DEC1 Pin=U6-1
Added Pin To Net: NetName=P0.00/XL1 Pin=U6-2
Added Pin To Net: NetName=P0.01/XL2 Pin=U6-3
Added Pin To Net: NetName=NetR9_1 Pin=U6-11
Added Pin To Net: NetName=NetR8_1 Pin=U6-12
Added Pin To Net: NetName=1V8 Pin=U6-13
Added Pin To Net: NetName=PULP_SPI_1V8.MOSI Pin=U6-14
Added Pin To Net: NetName=PULP_SPI_1V8.MISO Pin=U6-15
Added Pin To Net: NetName=PULP_SPI_1V8.SCK Pin=U6-16
Added Pin To Net: NetName=SPI_CS0_1V8 Pin=U6-17
Added Pin To Net: NetName=P0.21/RESET Pin=U6-24
Added Pin To Net: NetName=SWDCLK Pin=U6-25
Added Pin To Net: NetName=SWDIO Pin=U6-26
Added Pin To Net: NetName=NetR6_1 Pin=U6-29
Added Pin To Net: NetName=GND Pin=U6-31
Added Pin To Net: NetName=DEC2 Pin=U6-32
Added Pin To Net: NetName=DEC3 Pin=U6-33
Added Pin To Net: NetName=XC1 Pin=U6-34
Added Pin To Net: NetName=XC2 Pin=U6-35
Added Pin To Net: NetName=1V8 Pin=U6-36
Added Pin To Net: NetName=P0.25 Pin=U6-37
Added Pin To Net: NetName=P0.26 Pin=U6-38
Added Pin To Net: NetName=P0.27 Pin=U6-39
Added Pin To Net: NetName=P0.28/AIN4 Pin=U6-40
Added Pin To Net: NetName=P0.29/AIN5 Pin=U6-41
Added Pin To Net: NetName=P0.30/AIN6 Pin=U6-42
Added Pin To Net: NetName=P0.31/AIN7 Pin=U6-43
Added Pin To Net: NetName=GND Pin=U6-45
Added Pin To Net: NetName=DEC4 Pin=U6-46
Added Pin To Net: NetName=1V8 Pin=U6-48
Added Pin To Net: NetName=GND Pin=U6-49
Change Net Name : Old Net Name=GPIO_A2_3V0 New Net Name=NetU1_14
Change Net Name : Old Net Name=GPIO_A3_3V0 New Net Name=NetU1_16
Change Net Name : Old Net Name=NetU2_11 New Net Name=PULP_SPI_3V0.SCK
Change Net Name : Old Net Name=NetU2_12 New Net Name=PULP_SPI_3V0.MISO
Change Net Name : Old Net Name=NetU2_13 New Net Name=PULP_SPI_3V0.MOSI
Change Net Name : Old Net Name=NetU2_14 New Net Name=GPIO_A2_3V0
Change Net Name : Old Net Name=NetU2_16 New Net Name=GPIO_A3_3V0
Change Net Name : Old Net Name=PULP_SPI_3V0.MISO New Net Name=NetU1_12
Change Net Name : Old Net Name=PULP_SPI_3V0.MOSI New Net Name=NetU1_13
Change Net Name : Old Net Name=PULP_SPI_3V0.SCK New Net Name=NetU1_11
Added Pin To Net: NetName=NetC5_1 Pin=C5-1
Added Pin To Net: NetName=NetC5_1 Pin=C6-1
Added Pin To Net: NetName=NetC5_1 Pin=L1-1
Added Pin To Net: NetName=NetC5_1 Pin=U3-5
Added Net: Name=NetC5_1
Added Pin To Net: NetName=NetC5_2 Pin=C5-2
Added Pin To Net: NetName=NetC5_2 Pin=C6-2
Added Net: Name=NetC5_2
Added Pin To Net: NetName=NetC10_2 Pin=C10-2
Added Pin To Net: NetName=NetC10_2 Pin=U4-4
Added Net: Name=NetC10_2
Added Pin To Net: NetName=NetC13_1 Pin=C13-1
Added Pin To Net: NetName=NetC13_1 Pin=U3-4
Added Net: Name=NetC13_1
Added Pin To Net: NetName=NetC14_2 Pin=C14-2
Added Pin To Net: NetName=NetC14_2 Pin=U5-A32
Added Net: Name=NetC14_2
Added Pin To Net: NetName=NetC15_2 Pin=C15-2
Added Pin To Net: NetName=NetC15_2 Pin=U5-B30
Added Net: Name=NetC15_2
Added Pin To Net: NetName=NetC46_2 Pin=C46-2
Added Pin To Net: NetName=NetC46_2 Pin=L5-1
Added Pin To Net: NetName=NetC46_2 Pin=U6-30
Added Net: Name=NetC46_2
Added Pin To Net: NetName=NetJ1_1 Pin=J1-1
Added Pin To Net: NetName=NetJ1_1 Pin=J2-1
Added Pin To Net: NetName=NetJ1_1 Pin=J2-1
Added Pin To Net: NetName=NetJ1_1 Pin=J2-1
Added Pin To Net: NetName=NetJ1_1 Pin=J2-1
Added Pin To Net: NetName=NetJ1_1 Pin=J2-1
Added Pin To Net: NetName=NetJ1_1 Pin=J2-1
Added Pin To Net: NetName=NetJ1_1 Pin=J2-1
Added Pin To Net: NetName=NetJ1_1 Pin=J2-1
Added Pin To Net: NetName=NetJ1_1 Pin=J2-1
Added Pin To Net: NetName=NetJ1_1 Pin=J2-1
Added Pin To Net: NetName=NetJ1_1 Pin=J2-1
Added Pin To Net: NetName=NetJ1_1 Pin=J2-1
Added Pin To Net: NetName=NetJ1_1 Pin=J2-1
Added Pin To Net: NetName=NetJ1_1 Pin=J2-1
Added Pin To Net: NetName=NetJ1_1 Pin=J2-1
Added Pin To Net: NetName=NetJ1_1 Pin=J2-1
Added Pin To Net: NetName=NetJ1_1 Pin=J2-1
Added Pin To Net: NetName=NetJ1_1 Pin=J2-1
Added Pin To Net: NetName=NetJ1_1 Pin=U5-B15
Added Net: Name=NetJ1_1
Added Pin To Net: NetName=NetJ3_1 Pin=U5-A16
Added Net: Name=NetJ3_1
Added Pin To Net: NetName=NetJ5_1 Pin=U5-B28
Added Net: Name=NetJ5_1
Added Pin To Net: NetName=NetL4_2 Pin=L4-2
Added Pin To Net: NetName=NetL4_2 Pin=U6-47
Added Net: Name=NetL4_2
Added Pin To Net: NetName=NetR7_1 Pin=R7-1
Added Pin To Net: NetName=NetR7_1 Pin=U6-28
Added Net: Name=NetR7_1
Added Pin To Net: NetName=NetR10_1 Pin=R10-1
Added Pin To Net: NetName=NetR10_1 Pin=U6-10
Added Net: Name=NetR10_1
Added Pin To Net: NetName=NetR11_1 Pin=R11-1
Added Pin To Net: NetName=NetR11_1 Pin=U5-A41
Added Net: Name=NetR11_1
Added Pin To Net: NetName=NetR11_2 Pin=R11-2
Added Pin To Net: NetName=NetR11_2 Pin=U1-3
Added Pin To Net: NetName=NetR11_2 Pin=U6-22
Added Net: Name=NetR11_2
Added Pin To Net: NetName=NetU1_1 Pin=U1-1
Added Pin To Net: NetName=NetU1_1 Pin=U5-B37
Added Pin To Net: NetName=NetU1_1 Pin=U6-5
Added Net: Name=NetU1_1
Added Pin To Net: NetName=NetU1_4 Pin=U1-4
Added Pin To Net: NetName=NetU1_4 Pin=U5-A42
Added Pin To Net: NetName=NetU1_4 Pin=U6-6
Added Net: Name=NetU1_4
Added Pin To Net: NetName=NetU1_5 Pin=U1-5
Added Pin To Net: NetName=NetU1_5 Pin=U6-7
Added Net: Name=NetU1_5
Added Pin To Net: NetName=NetU1_6 Pin=U1-6
Added Pin To Net: NetName=NetU1_6 Pin=U5-A40
Added Pin To Net: NetName=NetU1_6 Pin=U6-8
Added Net: Name=NetU1_6
Added Pin To Net: NetName=NetU5_A36 Pin=U5-A36
Added Pin To Net: NetName=NetU5_A36 Pin=U6-19
Added Net: Name=NetU5_A36
Added Pin To Net: NetName=NetU5_A37 Pin=U5-A37
Added Pin To Net: NetName=NetU5_A37 Pin=U6-20
Added Net: Name=NetU5_A37
Added Pin To Net: NetName=NetU5_A43 Pin=U5-A43
Added Pin To Net: NetName=NetU5_A43 Pin=U6-21
Added Net: Name=NetU5_A43
Added Pin To Net: NetName=NetU5_B39 Pin=U5-B39
Added Pin To Net: NetName=NetU5_B39 Pin=U6-18
Added Net: Name=NetU5_B39
Added Member To Class: ClassName=Power Member=Component C6 Cap
Added Member To Class: ClassName=Power Member=Component C7 4.7uF
Added Member To Class: ClassName=Power Member=Component C8 Cap
Added Member To Class: ClassName=Power Member=Component C9 10uF
Added Member To Class: ClassName=Power Member=Component C10 Cap
Added Member To Class: ClassName=Power Member=Component C11 Cap
Added Member To Class: ClassName=Power Member=Component C12 Cap
Added Member To Class: ClassName=Power Member=Component C13 C
Added Member To Class: ClassName=GAPandPeripherals Member=Component C25 100nF
Added Member To Class: ClassName=GAPandPeripherals Member=Component C27 100nF
Added Member To Class: ClassName=GAPandPeripherals Member=Component C30 100nF
Added Member To Class: ClassName=GAPandPeripherals Member=Component C31 4.7uF
Added Member To Class: ClassName=GAPandPeripherals Member=Component C32 100nF
Added Member To Class: ClassName=GAPandPeripherals Member=Component C33 100nF
Added Member To Class: ClassName=GAPandPeripherals Member=Component C34 100nF
Added Member To Class: ClassName=GAPandPeripherals Member=Component C35 100nF
Added Member To Class: ClassName=Communications Member=Component C43 100nF
Added Member To Class: ClassName=Communications Member=Component C44 100pF
Added Member To Class: ClassName=Communications Member=Component C45 N.C.
Added Member To Class: ClassName=Communications Member=Component C46 0.8pF
Added Member To Class: ClassName=Communications Member=Component C47 100nF
Added Member To Class: ClassName=GAPandPeripherals Member=Component I2 GRPB012VWVN-RC
Added Member To Class: ClassName=Power Member=Component L1 74479775222
Added Member To Class: ClassName=GAPandPeripherals Member=Component L2 SRN4026-220M
Added Member To Class: ClassName=Communications Member=Component L5 3.9nH
Added Member To Class: ClassName=Communications Member=Component P3 Header 6
Added Member To Class: ClassName=Power Member=Component R4 R
Added Member To Class: ClassName=Communications Member=Component R7 Res3
Added Member To Class: ClassName=Communications Member=Component R10 0R
Added Member To Class: ClassName=Communications Member=Component R11 NC
Added Member To Class: ClassName=Communications Member=Component U6 nRF52832-QFAA
