Removed Member From Class: ClassName=Communications Member=C34
Removed Member From Class: ClassName=Communications Member=C35
Removed Member From Class: ClassName=Communications Member=L2
Removed Member From Class: ClassName=Communications Member=R4
Change Component Footprint: Designator=I2 Old Footprint=Pin Header, 1x2, TH New Footprint=Pin Header, 1x2, TH
Added Component: Designator=J6(20021111-00010T4LF)
Added Pin To Net: NetName=1V8 Pin=J6-1
Added Pin To Net: NetName=PULP_JTAG.TMS Pin=J6-2
Added Pin To Net: NetName=GND Pin=J6-3
Added Pin To Net: NetName=PULP_JTAG.TCK Pin=J6-4
Added Pin To Net: NetName=GND Pin=J6-5
Added Pin To Net: NetName=PULP_JTAG.TDO Pin=J6-6
Added Pin To Net: NetName=PULP_\R\S\T\ Pin=J6-7
Added Pin To Net: NetName=PULP_JTAG.TDI Pin=J6-8
Added Pin To Net: NetName=GND Pin=J6-9
Added Pin To Net: NetName=PULP_JTAG.\T\R\S\T\ Pin=J6-10
Added Member To Class: ClassName=GAPandPeripherals Member=Component C31 4.7uF
Added Member To Class: ClassName=GAPandPeripherals Member=Component C32 100nF
Added Member To Class: ClassName=GAPandPeripherals Member=Component C33 100nF
Added Member To Class: ClassName=GAPandPeripherals Member=Component J6 20021111-00010T4LF
Added Member To Class: ClassName=Power Member=Component R3 R
Added Member To Class: ClassName=Power Member=Component U4 TPS79333
Added Room: Name=Communications
Added Room: Name=GAPandPeripherals
