Removed Pin From Net: NetName=GND Pin=C3-1
Removed Pin From Net: NetName=1V8 Pin=C3-2
Removed Pin From Net: NetName=VCOM Pin=C4-1
Removed Pin From Net: NetName=GND Pin=C4-2
Removed Pin From Net: NetName=VCOM Pin=C7-2
Removed Pin From Net: NetName=VCOM Pin=C8-1
Removed Pin From Net: NetName=GND Pin=C8-2
Removed Pin From Net: NetName=VCOM Pin=C11-1
Removed Pin From Net: NetName=GND Pin=C11-2
Removed Pin From Net: NetName=VCOM Pin=C12-2
Removed Pin From Net: NetName=GND Pin=C13-2
Removed Pin From Net: NetName=1V8 Pin=C19-2
Removed Pin From Net: NetName=PULP_VCC Pin=C21-2
Removed Pin From Net: NetName=PULP_VCC Pin=C22-2
Removed Pin From Net: NetName=PULP_VCC Pin=C23-2
Removed Pin From Net: NetName=PULP_VCC Pin=C24-2
Removed Pin From Net: NetName=PULP_VCC Pin=C25-2
Removed Pin From Net: NetName=PULP_VCC Pin=C26-2
Removed Pin From Net: NetName=GND Pin=C27-1
Removed Pin From Net: NetName=PULP_VCC Pin=C27-2
Removed Pin From Net: NetName=1V8 Pin=C29-2
Removed Pin From Net: NetName=GND Pin=C30-1
Removed Pin From Net: NetName=1V8 Pin=C30-2
Removed Pin From Net: NetName=VCOM Pin=C31-2
Removed Pin From Net: NetName=GND Pin=C32-1
Removed Pin From Net: NetName=VCOM Pin=C32-2
Removed Pin From Net: NetName=1V8 Pin=C33-2
Removed Pin From Net: NetName=GND Pin=C34-1
Removed Pin From Net: NetName=1V8 Pin=C34-2
Removed Pin From Net: NetName=GND Pin=C35-1
Removed Pin From Net: NetName=1V8 Pin=C35-2
Removed Pin From Net: NetName=GND Pin=C36-1
Removed Pin From Net: NetName=DEC4 Pin=C36-2
Removed Pin From Net: NetName=DEC1 Pin=C37-1
Removed Pin From Net: NetName=XC2 Pin=C38-1
Removed Pin From Net: NetName=GND Pin=C38-2
Removed Pin From Net: NetName=P0.00/XL1 Pin=C39-1
Removed Pin From Net: NetName=GND Pin=C39-2
Removed Pin From Net: NetName=1V8 Pin=C40-1
Removed Pin From Net: NetName=GND Pin=C40-2
Removed Pin From Net: NetName=XC1 Pin=C41-1
Removed Pin From Net: NetName=GND Pin=C41-2
Removed Pin From Net: NetName=P0.01/XL2 Pin=C42-1
Removed Pin From Net: NetName=GND Pin=C42-2
Removed Pin From Net: NetName=GND Pin=I2-1
Removed Pin From Net: NetName=VCOM_CF Pin=I2-2
Removed Pin From Net: NetName=Spare_I2C.SDA Pin=I3-2
Removed Pin From Net: NetName=\C\S\2\1\ Pin=J2-2
Removed Pin From Net: NetName=\C\S\2\1\ Pin=J2-2
Removed Pin From Net: NetName=\C\S\2\1\ Pin=J2-2
Removed Pin From Net: NetName=\C\S\2\1\ Pin=J2-2
Removed Pin From Net: NetName=\C\S\2\1\ Pin=J2-2
Removed Pin From Net: NetName=\C\S\2\1\ Pin=J2-2
Removed Pin From Net: NetName=\C\S\2\1\ Pin=J2-2
Removed Pin From Net: NetName=\C\S\2\1\ Pin=J2-2
Removed Pin From Net: NetName=\C\S\2\1\ Pin=J2-2
Removed Pin From Net: NetName=\C\S\2\1\ Pin=J2-2
Removed Pin From Net: NetName=\C\S\2\1\ Pin=J2-2
Removed Pin From Net: NetName=\C\S\2\1\ Pin=J2-2
Removed Pin From Net: NetName=\C\S\2\1\ Pin=J2-2
Removed Pin From Net: NetName=\C\S\2\1\ Pin=J2-2
Removed Pin From Net: NetName=\C\S\2\1\ Pin=J2-2
Removed Pin From Net: NetName=\C\S\2\1\ Pin=J2-2
Removed Pin From Net: NetName=\C\S\2\1\ Pin=J2-2
Removed Pin From Net: NetName=\C\S\2\1\ Pin=J2-2
Removed Pin From Net: NetName=1V8 Pin=J6-1
Removed Pin From Net: NetName=PULP_JTAG.TMS Pin=J6-2
Removed Pin From Net: NetName=GND Pin=J6-3
Removed Pin From Net: NetName=PULP_JTAG.TCK Pin=J6-4
Removed Pin From Net: NetName=GND Pin=J6-5
Removed Pin From Net: NetName=PULP_JTAG.TDO Pin=J6-6
Removed Pin From Net: NetName=PULP_\R\S\T\ Pin=J6-7
Removed Pin From Net: NetName=PULP_JTAG.TDI Pin=J6-8
Removed Pin From Net: NetName=GND Pin=J6-9
Removed Pin From Net: NetName=PULP_JTAG.\T\R\S\T\ Pin=J6-10
Removed Pin From Net: NetName=1V8 Pin=L1-2
Removed Pin From Net: NetName=PULP_VCC Pin=L2-1
Removed Pin From Net: NetName=DEC4 Pin=L3-1
Removed Pin From Net: NetName=NetL3_2 Pin=L4-1
Removed Pin From Net: NetName=GND Pin=R2-1
Removed Pin From Net: NetName=1V8 Pin=R2-2
Removed Pin From Net: NetName=VCOM Pin=R3-2
Removed Pin From Net: NetName=VCOM_CF Pin=R4-2
Removed Pin From Net: NetName=NetD2_1 Pin=R6-2
Removed Pin From Net: NetName=NetD1_1 Pin=R7-2
Removed Pin From Net: NetName=GND Pin=R9-2
Removed Pin From Net: NetName=NetR11_2 Pin=U1-3
Removed Pin From Net: NetName=GPIO_A3_1V8 Pin=U2-1
Removed Pin From Net: NetName=GPIO_A2_1V8 Pin=U2-3
Removed Pin From Net: NetName=PULP_SPI_1V8.MOSI Pin=U2-4
Removed Pin From Net: NetName=PULP_SPI_1V8.MISO Pin=U2-5
Removed Pin From Net: NetName=PULP_SPI_1V8.SCK Pin=U2-6
Removed Pin From Net: NetName=SPI_CS0_1V8 Pin=U2-7
Removed Pin From Net: NetName=SPI_CS0_3V0 Pin=U2-10
Removed Pin From Net: NetName=NetR3_1 Pin=U3-3
Removed Pin From Net: NetName=NetR4_1 Pin=U4-3
Removed Pin From Net: NetName=NetL2_2 Pin=U5-D4
Removed Pin From Net: NetName=NetR8_1 Pin=U6-12
Removed Pin From Net: NetName=NetR6_1 Pin=U6-29
Removed Member From Class: ClassName=Power Member=C6
Removed Member From Class: ClassName=Power Member=C7
Removed Member From Class: ClassName=Power Member=C8
Removed Member From Class: ClassName=Power Member=C9
Removed Member From Class: ClassName=Power Member=C10
Removed Member From Class: ClassName=Power Member=C11
Removed Member From Class: ClassName=Power Member=C12
Removed Member From Class: ClassName=Power Member=C13
Removed Member From Class: ClassName=GAPandPeripherals Member=C25
Removed Member From Class: ClassName=GAPandPeripherals Member=C27
Removed Member From Class: ClassName=GAPandPeripherals Member=C30
Removed Member From Class: ClassName=GAPandPeripherals Member=C31
Removed Member From Class: ClassName=GAPandPeripherals Member=C32
Removed Member From Class: ClassName=GAPandPeripherals Member=C33
Removed Member From Class: ClassName=GAPandPeripherals Member=C34
Removed Member From Class: ClassName=GAPandPeripherals Member=C35
Removed Member From Class: ClassName=Communications Member=C46
Removed Member From Class: ClassName=Communications Member=C47
Removed Member From Class: ClassName=GAPandPeripherals Member=I2
Removed Member From Class: ClassName=GAPandPeripherals Member=J6
Removed Member From Class: ClassName=Power Member=L1
Removed Member From Class: ClassName=GAPandPeripherals Member=L2
Removed Member From Class: ClassName=Communications Member=L5
Removed Member From Class: ClassName=Power Member=R4
Removed Member From Class: ClassName=Communications Member=R7
Removed Member From Class: ClassName=GAPandPeripherals Member=Y1
Change Component DesignItemId : Designator=C37 Old DesignItemId=C0402-100n New DesignItemId=C0402-12p
Change Component DesignItemId : Designator=C36 Old DesignItemId=C0603-1µ0 New DesignItemId=C0402-12p
Change Component DesignItemId : Designator=C6 Old DesignItemId=Cap New DesignItemId=CMP-1034-02065-1
Change Component DesignItemId : Designator=C8 Old DesignItemId=Cap New DesignItemId=CMP-1034-02065-1
Change Component DesignItemId : Designator=C10 Old DesignItemId=Cap New DesignItemId=CMP-1034-02065-1
Change Component DesignItemId : Designator=C11 Old DesignItemId=Cap New DesignItemId=CMP-1034-02065-1
Change Component DesignItemId : Designator=C12 Old DesignItemId=Cap New DesignItemId=CMP-1034-02065-1
Change Component DesignItemId : Designator=C13 Old DesignItemId=Cap New DesignItemId=CMP-1034-02065-1
Change Component DesignItemId : Designator=I3 Old DesignItemId=CMP-00149-1 New DesignItemId=CON-1x2-Male
Change Component DesignItemId : Designator=L2 Old DesignItemId=CMP-00905-1 New DesignItemId=L0402-15n
Change Component DesignItemId : Designator=C14 Old DesignItemId=CMP-1034-00722-1 New DesignItemId=CMP-1034-02065-1
Change Component DesignItemId : Designator=C15 Old DesignItemId=CMP-1034-00722-1 New DesignItemId=CMP-1034-02065-1
Change Component DesignItemId : Designator=C34 Old DesignItemId=CMP-1034-02065-1 New DesignItemId=C0402-12p
Change Component DesignItemId : Designator=C35 Old DesignItemId=CMP-1034-02065-1 New DesignItemId=C0603-4µ7
Change Component DesignItemId : Designator=C3 Old DesignItemId=CMP-1034-02065-1 New DesignItemId=Cap
Change Component DesignItemId : Designator=C4 Old DesignItemId=CMP-1034-02065-1 New DesignItemId=Cap
Change Component DesignItemId : Designator=C30 Old DesignItemId=CMP-1034-02065-1 New DesignItemId=Cap
Change Component DesignItemId : Designator=C32 Old DesignItemId=CMP-1034-02065-1 New DesignItemId=Cap
Change Component DesignItemId : Designator=C33 Old DesignItemId=CMP-1034-02065-1 New DesignItemId=Cap
Change Component DesignItemId : Designator=C22 Old DesignItemId=CMP-1034-02065-1 New DesignItemId=CMP-1034-00722-1
Change Component DesignItemId : Designator=C29 Old DesignItemId=CMP-1034-02065-1 New DesignItemId=CMP-1034-00722-1
Change Component DesignItemId : Designator=C19 Old DesignItemId=CMP-1034-02065-1 New DesignItemId=CMP-1034-02137-1
Change Component DesignItemId : Designator=C23 Old DesignItemId=CMP-1034-02065-1 New DesignItemId=CMP-1034-02137-1
Change Component DesignItemId : Designator=C31 Old DesignItemId=CMP-1034-02137-1 New DesignItemId=Cap
Change Component DesignItemId : Designator=C7 Old DesignItemId=CMP-1034-02137-1 New DesignItemId=CMP-1034-02065-1
Change Component DesignItemId : Designator=C16 Old DesignItemId=CMP-1034-02137-1 New DesignItemId=CMP-1034-02065-1
Change Component DesignItemId : Designator=C9 Old DesignItemId=CMP-1034-02138-1 New DesignItemId=CMP-1034-02065-1
Change Component DesignItemId : Designator=L1 Old DesignItemId=CMP-1392-00029-1 New DesignItemId=CMP-00905-1
Change Component DesignItemId : Designator=R2 Old DesignItemId=CMP-2002-00607-3 New DesignItemId=Res2
Change Component DesignItemId : Designator=L3 Old DesignItemId=L0402-15n New DesignItemId=L0603-10µ
Change Component DesignItemId : Designator=R4 Old DesignItemId=Res2 New DesignItemId=Res3
Change Component DesignItemId : Designator=R7 Old DesignItemId=Res3 New DesignItemId=CMP-2002-00607-3
Change Component Footprint: Designator=R4 Old Footprint=cap_0402_R - modified New Footprint=res_0402_R - modified
Change Component Footprint: Designator=C36 Old Footprint=CAPC1608X06L New Footprint=CAPC1005X04L
Change Component Footprint: Designator=L3 Old Footprint=INDC1005X04L New Footprint=J1-0603
Change Component Footprint: Designator=R6 Old Footprint=res_0402_R - modified New Footprint=0402
Change Component Comment : Designator=C36 Old Comment=1.0µF New Comment=12pF
Change Component Comment : Designator=C7 Old Comment=4.7uF New Comment=100nF
Change Component Comment : Designator=C16 Old Comment=4.7uF New Comment=100nF
Change Component Comment : Designator=C31 Old Comment=4.7uF New Comment=Cap
Change Component Comment : Designator=R2 Old Comment=10k New Comment=R
Change Component Comment : Designator=C14 Old Comment=10pF New Comment=100nF
Change Component Comment : Designator=C15 Old Comment=10pF New Comment=100nF
Change Component Comment : Designator=C9 Old Comment=10uF New Comment=100nF
Change Component Comment : Designator=C19 Old Comment=100nF New Comment=4.7uF
Change Component Comment : Designator=C23 Old Comment=100nF New Comment=4.7uF
Change Component Comment : Designator=C35 Old Comment=100nF New Comment=4.7µF
Change Component Comment : Designator=C22 Old Comment=100nF New Comment=10pF
Change Component Comment : Designator=C29 Old Comment=100nF New Comment=10pF
Change Component Comment : Designator=C34 Old Comment=100nF New Comment=12pF
Change Component Comment : Designator=C37 Old Comment=100nF New Comment=12pF
Change Component Comment : Designator=C30 Old Comment=100nF New Comment=C
Change Component Comment : Designator=C3 Old Comment=100nF New Comment=Cap
Change Component Comment : Designator=C4 Old Comment=100nF New Comment=Cap
Change Component Comment : Designator=C32 Old Comment=100nF New Comment=Cap
Change Component Comment : Designator=C33 Old Comment=100nF New Comment=Cap
Change Component Comment : Designator=L1 Old Comment=74479775222 New Comment=SRN4026-220M
Change Component Comment : Designator=C13 Old Comment=C New Comment=100nF
Change Component Comment : Designator=C6 Old Comment=Cap New Comment=100nF
Change Component Comment : Designator=C8 Old Comment=Cap New Comment=100nF
Change Component Comment : Designator=C10 Old Comment=Cap New Comment=100nF
Change Component Comment : Designator=C11 Old Comment=Cap New Comment=100nF
Change Component Comment : Designator=C12 Old Comment=Cap New Comment=100nF
Change Component Comment : Designator=L3 Old Comment=LQW15AN15NJ00D New Comment=L0603B100KDWFT
Change Component Comment : Designator=R4 Old Comment=R New Comment=Res3
Change Component Comment : Designator=R6 Old Comment=Res3 New Comment=0R
Change Component Comment : Designator=R7 Old Comment=Res3 New Comment=10k
Change Component Comment : Designator=L2 Old Comment=SRN4026-220M New Comment=LQW15AN15NJ00D
Change Component Designator: OldDesignator=C43 NewDesignator=C38
Change Component Designator: OldDesignator=C44 NewDesignator=C39
Change Component Designator: OldDesignator=C45 NewDesignator=C40
Change Component Designator: OldDesignator=C46 NewDesignator=C41
Change Component Designator: OldDesignator=C47 NewDesignator=C42
Change Component Designator: OldDesignator=L5 NewDesignator=L4
Change Component Designator: OldDesignator=P3 NewDesignator=P4
Change Component Designator: OldDesignator=R10 NewDesignator=R9
Change Component Description : Designator=C7 Old Description=CAP 4.7uF 6.3V ±20% 0402 (1005 Metric) Thickness 0.6mm SMD New Description=CAP 100nF 10V ±10% 0402 (1005 Metric) Thickness 0.6mm SMD
Change Component Description : Designator=C16 Old Description=CAP 4.7uF 6.3V ±20% 0402 (1005 Metric) Thickness 0.6mm SMD New Description=CAP 100nF 10V ±10% 0402 (1005 Metric) Thickness 0.6mm SMD
Change Component Description : Designator=C31 Old Description=CAP 4.7uF 6.3V ±20% 0402 (1005 Metric) Thickness 0.6mm SMD New Description=Capacitor
Change Component Description : Designator=C14 Old Description=CAP 10pF 50V ±2% 0402 (1005 Metric) Thickness 0.6mm SMD New Description=CAP 100nF 10V ±10% 0402 (1005 Metric) Thickness 0.6mm SMD
Change Component Description : Designator=C15 Old Description=CAP 10pF 50V ±2% 0402 (1005 Metric) Thickness 0.6mm SMD New Description=CAP 100nF 10V ±10% 0402 (1005 Metric) Thickness 0.6mm SMD
Change Component Description : Designator=C9 Old Description=CAP 10uF 6.3V ±20% 0402 (1005 Metric) Thickness 0.6mm SMD New Description=CAP 100nF 10V ±10% 0402 (1005 Metric) Thickness 0.6mm SMD
Change Component Description : Designator=C19 Old Description=CAP 100nF 10V ±10% 0402 (1005 Metric) Thickness 0.6mm SMD New Description=CAP 4.7uF 6.3V ±20% 0402 (1005 Metric) Thickness 0.6mm SMD
Change Component Description : Designator=C23 Old Description=CAP 100nF 10V ±10% 0402 (1005 Metric) Thickness 0.6mm SMD New Description=CAP 4.7uF 6.3V ±20% 0402 (1005 Metric) Thickness 0.6mm SMD
Change Component Description : Designator=C22 Old Description=CAP 100nF 10V ±10% 0402 (1005 Metric) Thickness 0.6mm SMD New Description=CAP 10pF 50V ±2% 0402 (1005 Metric) Thickness 0.6mm SMD
Change Component Description : Designator=C29 Old Description=CAP 100nF 10V ±10% 0402 (1005 Metric) Thickness 0.6mm SMD New Description=CAP 10pF 50V ±2% 0402 (1005 Metric) Thickness 0.6mm SMD
Change Component Description : Designator=C34 Old Description=CAP 100nF 10V ±10% 0402 (1005 Metric) Thickness 0.6mm SMD New Description=Capacitor, NP0, ±2%
Change Component Description : Designator=C35 Old Description=CAP 100nF 10V ±10% 0402 (1005 Metric) Thickness 0.6mm SMD New Description=Capacitor, X5R, ±10%
Change Component Description : Designator=C3 Old Description=CAP 100nF 10V ±10% 0402 (1005 Metric) Thickness 0.6mm SMD New Description=Capacitor
Change Component Description : Designator=C4 Old Description=CAP 100nF 10V ±10% 0402 (1005 Metric) Thickness 0.6mm SMD New Description=Capacitor
Change Component Description : Designator=C30 Old Description=CAP 100nF 10V ±10% 0402 (1005 Metric) Thickness 0.6mm SMD New Description=Capacitor
Change Component Description : Designator=C32 Old Description=CAP 100nF 10V ±10% 0402 (1005 Metric) Thickness 0.6mm SMD New Description=Capacitor
Change Component Description : Designator=C33 Old Description=CAP 100nF 10V ±10% 0402 (1005 Metric) Thickness 0.6mm SMD New Description=Capacitor
Change Component Description : Designator=C37 Old Description=Capacitor, X7R, ±10% New Description=Capacitor, NP0, ±2%
Change Component Description : Designator=C6 Old Description=Capacitor New Description=CAP 100nF 10V ±10% 0402 (1005 Metric) Thickness 0.6mm SMD
Change Component Description : Designator=C8 Old Description=Capacitor New Description=CAP 100nF 10V ±10% 0402 (1005 Metric) Thickness 0.6mm SMD
Change Component Description : Designator=C10 Old Description=Capacitor New Description=CAP 100nF 10V ±10% 0402 (1005 Metric) Thickness 0.6mm SMD
Change Component Description : Designator=C11 Old Description=Capacitor New Description=CAP 100nF 10V ±10% 0402 (1005 Metric) Thickness 0.6mm SMD
Change Component Description : Designator=C12 Old Description=Capacitor New Description=CAP 100nF 10V ±10% 0402 (1005 Metric) Thickness 0.6mm SMD
Change Component Description : Designator=C13 Old Description=Capacitor New Description=CAP 100nF 10V ±10% 0402 (1005 Metric) Thickness 0.6mm SMD
Change Component Description : Designator=R2 Old Description=Chip Resistor, 10 KOhm, +/- 1%, 100 mW, -55 to 155 degC, 0402 (1005 Metric), RoHS, Tape and Reel New Description=Resistor
Change Component Description : Designator=L2 Old Description=Inductor Power Semi-Shielded Wirewound 22uH 20% 100KHz 11Q-Factor Ferrite 670mA 234mOhm DCR 1515 T/R New Description=High frequency chip inductor ±10%
Change Component Description : Designator=L1 Old Description=Power Multilayer Inductor WE-PMI, L=2.20 µH New Description=Inductor Power Semi-Shielded Wirewound 22uH 20% 100KHz 11Q-Factor Ferrite 670mA 234mOhm DCR 1515 T/R
Change Component Description : Designator=R7 Old Description=Resistor New Description=Chip Resistor, 10 KOhm, +/- 1%, 100 mW, -55 to 155 degC, 0402 (1005 Metric), RoHS, Tape and Reel
Change Component Library : Designator=L1 Old Library=Altium Content Vault New Library=ETHZ Vault
Change Component Library : Designator=C3 Old Library=Altium Content Vault New Library=Miscellaneous Devices.IntLib
Change Component Library : Designator=C4 Old Library=Altium Content Vault New Library=Miscellaneous Devices.IntLib
Change Component Library : Designator=C30 Old Library=Altium Content Vault New Library=Miscellaneous Devices.IntLib
Change Component Library : Designator=C31 Old Library=Altium Content Vault New Library=Miscellaneous Devices.IntLib
Change Component Library : Designator=C32 Old Library=Altium Content Vault New Library=Miscellaneous Devices.IntLib
Change Component Library : Designator=C33 Old Library=Altium Content Vault New Library=Miscellaneous Devices.IntLib
Change Component Library : Designator=R2 Old Library=Altium Content Vault New Library=Miscellaneous Devices.IntLib
Change Component Library : Designator=C34 Old Library=Altium Content Vault New Library=Nordic Passive DB.DbLib
Change Component Library : Designator=C35 Old Library=Altium Content Vault New Library=Nordic Passive DB.DbLib
Change Component Library : Designator=I3 Old Library=ETHZ Vault New Library=GAP_Shield.SCHLIB
Change Component Library : Designator=L2 Old Library=ETHZ Vault New Library=Nordic Passive DB.DbLib
Change Component Library : Designator=C6 Old Library=Miscellaneous Devices.IntLib New Library=Altium Content Vault
Change Component Library : Designator=C8 Old Library=Miscellaneous Devices.IntLib New Library=Altium Content Vault
Change Component Library : Designator=C10 Old Library=Miscellaneous Devices.IntLib New Library=Altium Content Vault
Change Component Library : Designator=C11 Old Library=Miscellaneous Devices.IntLib New Library=Altium Content Vault
Change Component Library : Designator=C12 Old Library=Miscellaneous Devices.IntLib New Library=Altium Content Vault
Change Component Library : Designator=C13 Old Library=Miscellaneous Devices.IntLib New Library=Altium Content Vault
Change Component Library : Designator=R7 Old Library=Miscellaneous Devices.IntLib New Library=Altium Content Vault
Added Component: Designator=C43(CAPC1608X06L)
Added Component: Designator=C44(CAPC1005X04L)
Added Component: Designator=C45(CAPC1005X04L)
Added Component: Designator=R10(res_0402_R - modified)
Added Pin To Net: NetName=VCOM Pin=C5-1
Added Pin To Net: NetName=GND Pin=C5-2
Added Pin To Net: NetName=GND Pin=C6-1
Added Pin To Net: NetName=PULP_VCC Pin=C6-2
Added Pin To Net: NetName=PULP_VCC Pin=C7-2
Added Pin To Net: NetName=GND Pin=C8-1
Added Pin To Net: NetName=PULP_VCC Pin=C8-2
Added Pin To Net: NetName=PULP_VCC Pin=C10-2
Added Pin To Net: NetName=GND Pin=C11-1
Added Pin To Net: NetName=1V8 Pin=C11-2
Added Pin To Net: NetName=PULP_VCC Pin=C12-2
Added Pin To Net: NetName=GND Pin=C13-1
Added Pin To Net: NetName=1V8 Pin=C13-2
Added Pin To Net: NetName=PULP_VCC Pin=C14-2
Added Pin To Net: NetName=1V8 Pin=C15-2
Added Pin To Net: NetName=PULP_VCC Pin=C19-2
Added Pin To Net: NetName=1V8 Pin=C21-2
Added Pin To Net: NetName=VCOM Pin=C23-2
Added Pin To Net: NetName=VCOM Pin=C24-2
Added Pin To Net: NetName=1V8 Pin=C25-2
Added Pin To Net: NetName=1V8 Pin=C26-2
Added Pin To Net: NetName=VCOM Pin=C27-1
Added Pin To Net: NetName=GND Pin=C27-2
Added Pin To Net: NetName=GND Pin=C30-2
Added Pin To Net: NetName=VCOM Pin=C32-1
Added Pin To Net: NetName=GND Pin=C32-2
Added Pin To Net: NetName=VCOM Pin=C33-2
Added Pin To Net: NetName=P0.00/XL1 Pin=C34-1
Added Pin To Net: NetName=GND Pin=C34-2
Added Pin To Net: NetName=1V8 Pin=C35-1
Added Pin To Net: NetName=GND Pin=C35-2
Added Pin To Net: NetName=XC1 Pin=C36-1
Added Pin To Net: NetName=GND Pin=C36-2
Added Pin To Net: NetName=P0.01/XL2 Pin=C37-1
Added Pin To Net: NetName=GND Pin=C43-1
Added Pin To Net: NetName=DEC4 Pin=C43-2
Added Pin To Net: NetName=DEC1 Pin=C44-1
Added Pin To Net: NetName=GND Pin=C44-2
Added Pin To Net: NetName=XC2 Pin=C45-1
Added Pin To Net: NetName=GND Pin=C45-2
Added Pin To Net: NetName=VCOM_CF Pin=I3-2
Added Pin To Net: NetName=GND Pin=J2-2
Added Pin To Net: NetName=GND Pin=J2-2
Added Pin To Net: NetName=GND Pin=J2-2
Added Pin To Net: NetName=GND Pin=J2-2
Added Pin To Net: NetName=GND Pin=J2-2
Added Pin To Net: NetName=GND Pin=J2-2
Added Pin To Net: NetName=GND Pin=J2-2
Added Pin To Net: NetName=GND Pin=J2-2
Added Pin To Net: NetName=GND Pin=J2-2
Added Pin To Net: NetName=GND Pin=J2-2
Added Pin To Net: NetName=GND Pin=J2-2
Added Pin To Net: NetName=GND Pin=J2-2
Added Pin To Net: NetName=GND Pin=J2-2
Added Pin To Net: NetName=GND Pin=J2-2
Added Pin To Net: NetName=GND Pin=J2-2
Added Pin To Net: NetName=GND Pin=J2-2
Added Pin To Net: NetName=GND Pin=J2-2
Added Pin To Net: NetName=GND Pin=J2-2
Added Pin To Net: NetName=PULP_VCC Pin=L1-1
Added Pin To Net: NetName=DEC4 Pin=L2-1
Added Pin To Net: NetName=NetL2_2 Pin=L3-1
Added Pin To Net: NetName=VCOM Pin=R2-2
Added Pin To Net: NetName=VCOM_CF Pin=R3-2
Added Pin To Net: NetName=NetD1_1 Pin=R4-2
Added Pin To Net: NetName=GND Pin=R6-2
Added Pin To Net: NetName=GND Pin=R7-1
Added Pin To Net: NetName=1V8 Pin=R7-2
Added Pin To Net: NetName=NetD2_1 Pin=R10-2
Added Pin To Net: NetName=GPIO_A3_1V8 Pin=U1-1
Added Pin To Net: NetName=GPIO_A2_1V8 Pin=U1-3
Added Pin To Net: NetName=PULP_SPI_1V8.MOSI Pin=U1-4
Added Pin To Net: NetName=PULP_SPI_1V8.MISO Pin=U1-5
Added Pin To Net: NetName=PULP_SPI_1V8.SCK Pin=U1-6
Added Pin To Net: NetName=SPI_CS0_1V8 Pin=U1-7
Added Pin To Net: NetName=SPI_CS0_3V0 Pin=U1-10
Added Pin To Net: NetName=NetR11_2 Pin=U2-3
Added Pin To Net: NetName=NetR3_1 Pin=U4-3
Added Pin To Net: NetName=NetR8_1 Pin=U6-11
Added Pin To Net: NetName=NetR6_1 Pin=U6-12
Added Pin To Net: NetName=NetR4_1 Pin=U6-28
Added Pin To Net: NetName=NetL3_2 Pin=U6-47
Change Net Name : Old Net Name=GPIO_A2_3V0 New Net Name=NetU2_14
Change Net Name : Old Net Name=GPIO_A3_3V0 New Net Name=NetU2_16
Change Net Name : Old Net Name=NetC46_2 New Net Name=NetC41_2
Change Net Name : Old Net Name=NetR10_1 New Net Name=NetR9_1
Change Net Name : Old Net Name=NetU1_11 New Net Name=PULP_SPI_3V0.SCK
Change Net Name : Old Net Name=NetU1_12 New Net Name=PULP_SPI_3V0.MISO
Change Net Name : Old Net Name=NetU1_13 New Net Name=PULP_SPI_3V0.MOSI
Change Net Name : Old Net Name=NetU1_14 New Net Name=GPIO_A2_3V0
Change Net Name : Old Net Name=NetU1_16 New Net Name=GPIO_A3_3V0
Change Net Name : Old Net Name=PULP_SPI_3V0.MISO New Net Name=NetU2_12
Change Net Name : Old Net Name=PULP_SPI_3V0.MOSI New Net Name=NetU2_13
Change Net Name : Old Net Name=PULP_SPI_3V0.SCK New Net Name=NetU2_11
Added Pin To Net: NetName=NetC3_1 Pin=C3-1
Added Pin To Net: NetName=NetC3_1 Pin=C4-1
Added Pin To Net: NetName=NetC3_1 Pin=U3-5
Added Net: Name=NetC3_1
Added Pin To Net: NetName=NetC3_2 Pin=C3-2
Added Pin To Net: NetName=NetC3_2 Pin=C4-2
Added Net: Name=NetC3_2
Added Pin To Net: NetName=NetC22_2 Pin=C22-2
Added Pin To Net: NetName=NetC22_2 Pin=U5-B30
Added Net: Name=NetC22_2
Added Pin To Net: NetName=NetC29_2 Pin=C29-2
Added Pin To Net: NetName=NetC29_2 Pin=U5-A32
Added Net: Name=NetC29_2
Added Pin To Net: NetName=NetC30_1 Pin=C30-1
Added Pin To Net: NetName=NetC30_1 Pin=U3-4
Added Net: Name=NetC30_1
Added Pin To Net: NetName=NetC31_2 Pin=C31-2
Added Pin To Net: NetName=NetC31_2 Pin=U4-4
Added Net: Name=NetC31_2
Added Pin To Net: NetName=NetJ1.0_1 Pin=U5-A16
Added Net: Name=NetJ1.0_1
Added Pin To Net: NetName=NetJ1.1_1 Pin=U5-B15
Added Net: Name=NetJ1.1_1
Added Pin To Net: NetName=NetJ2_1 Pin=J2-1
Added Pin To Net: NetName=NetJ2_1 Pin=J2-1
Added Pin To Net: NetName=NetJ2_1 Pin=J2-1
Added Pin To Net: NetName=NetJ2_1 Pin=J2-1
Added Pin To Net: NetName=NetJ2_1 Pin=J2-1
Added Pin To Net: NetName=NetJ2_1 Pin=J2-1
Added Pin To Net: NetName=NetJ2_1 Pin=J2-1
Added Pin To Net: NetName=NetJ2_1 Pin=J2-1
Added Pin To Net: NetName=NetJ2_1 Pin=J2-1
Added Pin To Net: NetName=NetJ2_1 Pin=J2-1
Added Pin To Net: NetName=NetJ2_1 Pin=J2-1
Added Pin To Net: NetName=NetJ2_1 Pin=J2-1
Added Pin To Net: NetName=NetJ2_1 Pin=J2-1
Added Pin To Net: NetName=NetJ2_1 Pin=J2-1
Added Pin To Net: NetName=NetJ2_1 Pin=J2-1
Added Pin To Net: NetName=NetJ2_1 Pin=J2-1
Added Pin To Net: NetName=NetJ2_1 Pin=J2-1
Added Pin To Net: NetName=NetJ2_1 Pin=J2-1
Added Pin To Net: NetName=NetJ2_1 Pin=U5-B28
Added Net: Name=NetJ2_1
Added Pin To Net: NetName=NetL1_2 Pin=L1-2
Added Pin To Net: NetName=NetL1_2 Pin=U5-D4
Added Net: Name=NetL1_2
Added Pin To Net: NetName=NetR2_1 Pin=R2-1
Added Pin To Net: NetName=NetR2_1 Pin=U3-3
Added Net: Name=NetR2_1
Added Pin To Net: NetName=NetR10_1 Pin=R10-1
Added Pin To Net: NetName=NetR10_1 Pin=U6-29
Added Net: Name=NetR10_1
Added Pin To Net: NetName=NetU2_1 Pin=U2-1
Added Pin To Net: NetName=NetU2_1 Pin=U5-B37
Added Pin To Net: NetName=NetU2_1 Pin=U6-5
Added Net: Name=NetU2_1
Added Pin To Net: NetName=NetU2_4 Pin=U2-4
Added Pin To Net: NetName=NetU2_4 Pin=U5-A42
Added Pin To Net: NetName=NetU2_4 Pin=U6-6
Added Net: Name=NetU2_4
Added Pin To Net: NetName=NetU2_5 Pin=U2-5
Added Pin To Net: NetName=NetU2_5 Pin=U6-7
Added Net: Name=NetU2_5
Added Pin To Net: NetName=NetU2_6 Pin=U2-6
Added Pin To Net: NetName=NetU2_6 Pin=U5-A40
Added Pin To Net: NetName=NetU2_6 Pin=U6-8
Added Net: Name=NetU2_6
Added Member To Class: ClassName=GAPandPeripherals Member=Component C6 100nF
Added Member To Class: ClassName=GAPandPeripherals Member=Component C7 100nF
Added Member To Class: ClassName=GAPandPeripherals Member=Component C8 100nF
Added Member To Class: ClassName=GAPandPeripherals Member=Component C9 100nF
Added Member To Class: ClassName=GAPandPeripherals Member=Component C10 100nF
Added Member To Class: ClassName=GAPandPeripherals Member=Component C11 100nF
Added Member To Class: ClassName=GAPandPeripherals Member=Component C12 100nF
Added Member To Class: ClassName=GAPandPeripherals Member=Component C13 100nF
Added Member To Class: ClassName=Power Member=Component C25 100nF
Added Member To Class: ClassName=Power Member=Component C27 100nF
Added Member To Class: ClassName=Power Member=Component C30 C
Added Member To Class: ClassName=Power Member=Component C31 Cap
Added Member To Class: ClassName=Power Member=Component C32 Cap
Added Member To Class: ClassName=Power Member=Component C33 Cap
Added Member To Class: ClassName=Communications Member=Component C34 12pF
Added Member To Class: ClassName=Communications Member=Component C35 4.7µF
Added Member To Class: ClassName=GAPandPeripherals Member=Component L1 SRN4026-220M
Added Member To Class: ClassName=Communications Member=Component L2 LQW15AN15NJ00D
Added Member To Class: ClassName=Communications Member=Component R4 Res3
Added Member To Class: ClassName=Power Member=Component R7 10k
Added Room: Name=Communications
Added Room: Name=GAPandPeripherals
