Removed Pin From Net: NetName=3V0 Pin=C2-1
Removed Pin From Net: NetName=3V0 Pin=C27-1
Removed Pin From Net: NetName=P0.31/AIN7 Pin=P3-1
Removed Pin From Net: NetName=P0.30/AIN6 Pin=P3-2
Removed Pin From Net: NetName=P0.29/AIN5 Pin=P3-3
Removed Pin From Net: NetName=P0.28/AIN4 Pin=P3-4
Removed Pin From Net: NetName=P0.27 Pin=P3-5
Removed Pin From Net: NetName=GND Pin=P3-6
Removed Pin From Net: NetName=3V0 Pin=U1-15
Removed Member From Class: ClassName=GAPandPeripherals Member=J3
Removed Member From Class: ClassName=Communications Member=P3
Removed Member From Class: ClassName=POWER Member=3V0
Change Component DesignItemId : Designator=U1 Old DesignItemId=CMP-2000-07336-1 New DesignItemId=TI-TXB0106-TSSOP_PW-16
Change Component Footprint: Designator=C3 Old Footprint=CAPC0402(1005)60_N New Footprint=cap_0402_R - modified
Change Component Footprint: Designator=C4 Old Footprint=CAPC0402(1005)60_N New Footprint=cap_0402_R - modified
Change Component Footprint: Designator=C5 Old Footprint=CAPC0402(1005)60_N New Footprint=cap_0402_R - modified
Change Component Footprint: Designator=R2 Old Footprint=RESC1005X40X25NL05T05 New Footprint=cap_0402_R - modified
Change Component Footprint: Designator=R3 Old Footprint=RESC1005X40X25NL05T05 New Footprint=res_0402_R - modified
Change Component Library : Designator=U1 Old Library=Altium Content Vault New Library=GAP_Shield.SCHLIB
Added Component: Designator=C30(cap_0402_R - modified)
Added Component: Designator=C?(cap_0402_R - modified)
Added Component: Designator=C?(cap_0402_R - modified)
Added Component: Designator=C?(cap_0402_R - modified)
Added Component: Designator=R4(res_0402_R - modified)
Added Component: Designator=R?(cap_0402_R - modified)
Added Component: Designator=R?(0402)
Added Component: Designator=U2(PW0016A_L)
Added Component: Designator=U3(SOT23__DDC__(R - PDSO-  G5))
Added Component: Designator=U?(SOT_23__DBV_(R - PDSO - G5))
Added Pin To Net: NetName=VCOM Pin=C2-1
Added Pin To Net: NetName=VCOM Pin=C27-1
Added Pin To Net: NetName=NetC30_1 Pin=C30-1
Added Pin To Net: NetName=GND Pin=C30-2
Added Pin To Net: NetName=GND Pin=C?-1
Added Pin To Net: NetName=GND Pin=C?-1
Added Pin To Net: NetName=VCOM Pin=C?-1
Added Pin To Net: NetName=GND Pin=C?-2
Added Pin To Net: NetName=VCOM Pin=C?-2
Added Pin To Net: NetName=NetR4_1 Pin=R4-1
Added Pin To Net: NetName=NetD1_1 Pin=R4-2
Added Pin To Net: NetName=VCOM_CF Pin=R?-2
Added Pin To Net: NetName=VCOM Pin=U1-15
Added Pin To Net: NetName=1V8 Pin=U2-2
Added Pin To Net: NetName=1V8 Pin=U2-8
Added Pin To Net: NetName=GND Pin=U2-9
Added Pin To Net: NetName=VCOM Pin=U2-15
Added Pin To Net: NetName=VCOM Pin=U3-1
Added Pin To Net: NetName=GND Pin=U3-2
Added Pin To Net: NetName=NetR2_1 Pin=U3-3
Added Pin To Net: NetName=NetC30_1 Pin=U3-4
Added Pin To Net: NetName=NetC3_1 Pin=U3-5
Added Pin To Net: NetName=PULP_SPI_1V8.MOSI Pin=U4-14
Added Pin To Net: NetName=PULP_SPI_1V8.MISO Pin=U4-15
Added Pin To Net: NetName=PULP_SPI_1V8.SCK Pin=U4-16
Added Pin To Net: NetName=SPI_CS0_1V8 Pin=U4-17
Added Pin To Net: NetName=VCOM_CF Pin=U?-1
Added Pin To Net: NetName=GND Pin=U?-2
Added Pin To Net: NetName=VCOM Pin=U?-5
Added Pin To Net: NetName=NetC?_2 Pin=C?-2
Added Pin To Net: NetName=NetC?_2 Pin=U?-4
Added Net: Name=NetC?_2
Added Pin To Net: NetName=NetR?_1 Pin=R?-1
Added Pin To Net: NetName=NetR?_1 Pin=U?-3
Added Net: Name=NetR?_1
Added Pin To Net: NetName=NetR?_2 Pin=R?-2
Added Pin To Net: NetName=NetR?_2 Pin=U2-3
Added Pin To Net: NetName=NetR?_2 Pin=U4-22
Added Net: Name=NetR?_2
Added Pin To Net: NetName=NetU2_1 Pin=U2-1
Added Pin To Net: NetName=NetU2_1 Pin=U4-5
Added Pin To Net: NetName=NetU2_1 Pin=U5-B37
Added Net: Name=NetU2_1
Added Pin To Net: NetName=NetU2_4 Pin=U2-4
Added Pin To Net: NetName=NetU2_4 Pin=U4-6
Added Pin To Net: NetName=NetU2_4 Pin=U5-A42
Added Net: Name=NetU2_4
Added Pin To Net: NetName=NetU2_5 Pin=U2-5
Added Pin To Net: NetName=NetU2_5 Pin=U4-7
Added Net: Name=NetU2_5
Added Pin To Net: NetName=NetU2_6 Pin=U2-6
Added Pin To Net: NetName=NetU2_6 Pin=U4-8
Added Pin To Net: NetName=NetU2_6 Pin=U5-A40
Added Net: Name=NetU2_6
Added Pin To Net: NetName=NetU2_11 Pin=U2-11
Added Net: Name=NetU2_11
Added Pin To Net: NetName=NetU2_12 Pin=U2-12
Added Net: Name=NetU2_12
Added Pin To Net: NetName=NetU2_13 Pin=U2-13
Added Net: Name=NetU2_13
Added Pin To Net: NetName=NetU2_14 Pin=U2-14
Added Net: Name=NetU2_14
Added Pin To Net: NetName=NetU2_16 Pin=U2-16
Added Net: Name=NetU2_16
Added Pin To Net: NetName=NetU4_18 Pin=U4-18
Added Pin To Net: NetName=NetU4_18 Pin=U5-B39
Added Net: Name=NetU4_18
Added Pin To Net: NetName=NetU4_19 Pin=U4-19
Added Pin To Net: NetName=NetU4_19 Pin=U5-A36
Added Net: Name=NetU4_19
Added Pin To Net: NetName=NetU4_20 Pin=U4-20
Added Pin To Net: NetName=NetU4_20 Pin=U5-A37
Added Net: Name=NetU4_20
Added Pin To Net: NetName=NetU4_21 Pin=U4-21
Added Pin To Net: NetName=NetU4_21 Pin=U5-A43
Added Net: Name=NetU4_21
Added Member To Class: ClassName=Power Member=Component C30 C
Added Member To Class: ClassName=Power Member=Component C? Cap
Added Member To Class: ClassName=Communications Member=Component R4 Res3
Added Member To Class: ClassName=Communications Member=Component R? NC
Added Member To Class: ClassName=Power Member=Component R? R
Added Member To Class: ClassName=Power Member=Component U2 TXB0106PWR
Added Member To Class: ClassName=Power Member=Component U3 TPS73225
Added Member To Class: ClassName=Power Member=Component U? TPS79333
Added Room: Name=Communications
Added Room: Name=GAPandPeripherals
