Change Component DesignItemId : Designator=J2 Old DesignItemId=CMP-00005-4 New DesignItemId=Solder Jumper
Change Component Comment : Designator=U3 Old Comment=TPS73225 New Comment=TPS73218
Change Component Library : Designator=J2 Old Library=ETHZ Vault New Library=GAP_Shield.SCHLIB
Added Component: Designator=C?(CAPC0402(1005)60_N)
Added Component: Designator=C?(CAPC0402(1005)60_N)
Added Component: Designator=J1.0(UJMPR)
Added Component: Designator=J1.1(UJMPR)
Added Component: Designator=J2.0(UJMPR)
Added Component: Designator=J2.1(UJMPR)
Added Component: Designator=L?(SMD 0805_A)
Added Pin To Net: NetName=GND Pin=C?-1
Added Pin To Net: NetName=GND Pin=C?-1
Added Pin To Net: NetName=1V8 Pin=C?-2
Added Pin To Net: NetName=VCOM Pin=C?-2
Added Pin To Net: NetName=NetJ1.0_1 Pin=J1.0-1
Added Pin To Net: NetName=\C\S\1\0\ Pin=J1.0-2
Added Pin To Net: NetName=NetJ1.1_1 Pin=J1.1-1
Added Pin To Net: NetName=\C\S\1\1\ Pin=J1.1-2
Added Pin To Net: NetName=NetJ1.0_1 Pin=J2.0-1
Added Pin To Net: NetName=\C\S\2\0\ Pin=J2.0-2
Added Pin To Net: NetName=NetJ1.1_1 Pin=J2.1-1
Added Pin To Net: NetName=\C\S\2\1\ Pin=J2.1-2
Added Pin To Net: NetName=NetC3_1 Pin=L?-1
Added Pin To Net: NetName=1V8 Pin=L?-2
Added Member To Class: ClassName=Power Member=Component C? Cap
Added Member To Class: ClassName=GAPandPeripherals Member=Component J1.0 Solder Jumper
Added Member To Class: ClassName=GAPandPeripherals Member=Component J1.1 Solder Jumper
Added Member To Class: ClassName=GAPandPeripherals Member=Component J2.0 Solder Jumper
Added Member To Class: ClassName=GAPandPeripherals Member=Component J2.1 Solder Jumper
Added Member To Class: ClassName=Power Member=Component L? L0603B100KDWFT
