Removed Pin From Net: NetName=GND Pin=*-0
Removed Pin From Net: NetName=GND Pin=*-0
Removed Pin From Net: NetName=GND Pin=*-0
Removed Pin From Net: NetName=GND Pin=*-0
Removed Pin From Net: NetName=AGND Pin=*-1
Removed Pin From Net: NetName=GND Pin=*-3
Removed Pin From Net: NetName=Cam_TRIG Pin=*-4
Removed Pin From Net: NetName=PULP_CAM.VSYNC Pin=*-5
Removed Pin From Net: NetName=PULP_CAM.HSYNC Pin=*-6
Removed Pin From Net: NetName=PULP_I2C.SCL Pin=*-7
Removed Pin From Net: NetName=PULP_I2C.SDA Pin=*-8
Removed Pin From Net: NetName=Cam_INT Pin=*-9
Removed Pin From Net: NetName=GND Pin=*-10
Removed Pin From Net: NetName=1V8 Pin=*-11
Removed Pin From Net: NetName=GND Pin=*-13
Removed Pin From Net: NetName=PULP_TIMER0Ch0 Pin=*-14
Removed Pin From Net: NetName=GND Pin=*-15
Removed Pin From Net: NetName=PULP_CAM.PCLK Pin=*-16
Removed Pin From Net: NetName=PULP_CAM.D0 Pin=*-17
Removed Pin From Net: NetName=PULP_CAM.D1 Pin=*-18
Removed Pin From Net: NetName=PULP_CAM.D2 Pin=*-19
Removed Pin From Net: NetName=PULP_CAM.D3 Pin=*-20
Removed Pin From Net: NetName=PULP_CAM.D4 Pin=*-21
Removed Pin From Net: NetName=PULP_CAM.D5 Pin=*-22
Removed Pin From Net: NetName=PULP_CAM.D6 Pin=*-23
Removed Pin From Net: NetName=PULP_CAM.D7 Pin=*-24
Removed Pin From Net: NetName=GND Pin=C2-1
Removed Pin From Net: NetName=1V8 Pin=C2-2
Removed Pin From Net: NetName=AGND Pin=C3-1
Removed Pin From Net: NetName=AGND Pin=C4-1
Removed Pin From Net: NetName=GND Pin=C25.2-1
Removed Pin From Net: NetName=VCOM Pin=C25.2-2
Removed Pin From Net: NetName=GND Pin=C26.2-1
Removed Pin From Net: NetName=VCOM_CF Pin=Q1-1
Removed Pin From Net: NetName=VCOM_CF Pin=Q1-2
Removed Pin From Net: NetName=VCOM_CF Pin=Q1-3
Removed Pin From Net: NetName=VCOM Pin=Q1-5
Removed Pin From Net: NetName=VCOM Pin=Q1-6
Removed Pin From Net: NetName=VCOM Pin=Q1-7
Removed Pin From Net: NetName=VCOM Pin=Q1-8
Removed Pin From Net: NetName=POWER_EN1 Pin=Q2-3
Removed Pin From Net: NetName=GND Pin=Q2-4
Removed Pin From Net: NetName=VCOM_CF Pin=R1-2
Removed Pin From Net: NetName=PULP_I2C.SDA Pin=R2-1
Removed Pin From Net: NetName=1V8 Pin=R2-2
Removed Pin From Net: NetName=PULP_I2C.SCL Pin=R3-1
Removed Pin From Net: NetName=1V8 Pin=R3-2
Removed Pin From Net: NetName=VCOM Pin=U4.1-A2
Removed Pin From Net: NetName=VCOM Pin=U4.1-B1
Removed Pin From Net: NetName=GND Pin=U4.1-B2
Removed Pin From Net: NetName=GND Pin=U4.1-C1
Removed Pin From Net: NetName=1V8 Pin=U4.1-C2
Removed Pin From Net: NetName=VCOM Pin=U4.1-D1
Removed Pin From Net: NetName=GND Pin=U4.1-D2
Removed Pin From Net: NetName=VCOM Pin=U4.2-A2
Removed Pin From Net: NetName=VCOM Pin=U4.2-B1
Removed Pin From Net: NetName=GND Pin=U4.2-B2
Removed Pin From Net: NetName=VCOM Pin=U4.2-C1
Removed Pin From Net: NetName=GND Pin=U4.2-D1
Removed Pin From Net: NetName=VCOM Pin=U4.2-D2
Removed Member From Class: ClassName=GAPandPeripherals Member=*
Removed Member From Class: ClassName=GAPandPeripherals Member=C1
Removed Member From Class: ClassName=GAPandPeripherals Member=C2
Removed Member From Class: ClassName=GAPandPeripherals Member=C3
Removed Member From Class: ClassName=GAPandPeripherals Member=C4
Removed Member From Class: ClassName=GAPandPeripherals Member=C5
Removed Member From Class: ClassName=Power Member=C25.2
Removed Member From Class: ClassName=Power Member=C26.2
Removed Member From Class: ClassName=Power Member=L2.2
Removed Member From Class: ClassName=Power Member=Q1
Removed Member From Class: ClassName=Power Member=Q2
Removed Member From Class: ClassName=GAPandPeripherals Member=R2
Removed Member From Class: ClassName=GAPandPeripherals Member=R3
Removed Member From Class: ClassName=Power Member=U4.1
Removed Member From Class: ClassName=Power Member=U4.2
Removed Member From Class: ClassName=POWER Member=2V8
Change Component DesignItemId : Designator=C3 Old DesignItemId=CMP-1034-02065-1 New DesignItemId=Cap
Change Component DesignItemId : Designator=C5 Old DesignItemId=CMP-1034-02065-1 New DesignItemId=Cap
Change Component DesignItemId : Designator=C4 Old DesignItemId=CMP-1034-02138-1 New DesignItemId=Cap
Change Component DesignItemId : Designator=C2 Old DesignItemId=CMP-1034-02138-1 New DesignItemId=CMP-1034-02065-1
Change Component DesignItemId : Designator=R1 Old DesignItemId=CMP-1666-00005-4 New DesignItemId=CMP-2002-00607-3
Change Component DesignItemId : Designator=R2 Old DesignItemId=CMP-2002-00607-3 New DesignItemId=Res2
Change Component DesignItemId : Designator=R3 Old DesignItemId=CMP-2002-00607-3 New DesignItemId=Res3
Change Component Comment : Designator=R2 Old Comment=10k New Comment=R
Change Component Comment : Designator=R3 Old Comment=10k New Comment=Res3
Change Component Comment : Designator=C2 Old Comment=10uF New Comment=100nF
Change Component Comment : Designator=C4 Old Comment=10uF New Comment=Cap
Change Component Comment : Designator=R1 Old Comment=100k New Comment=10k
Change Component Comment : Designator=C3 Old Comment=100nF New Comment=Cap
Change Component Comment : Designator=C5 Old Comment=100nF New Comment=Cap
Change Component Description : Designator=C2 Old Description=CAP 10uF 6.3V ±20% 0402 (1005 Metric) Thickness 0.6mm SMD New Description=CAP 100nF 10V ±10% 0402 (1005 Metric) Thickness 0.6mm SMD
Change Component Description : Designator=C4 Old Description=CAP 10uF 6.3V ±20% 0402 (1005 Metric) Thickness 0.6mm SMD New Description=Capacitor
Change Component Description : Designator=C3 Old Description=CAP 100nF 10V ±10% 0402 (1005 Metric) Thickness 0.6mm SMD New Description=Capacitor
Change Component Description : Designator=C5 Old Description=CAP 100nF 10V ±10% 0402 (1005 Metric) Thickness 0.6mm SMD New Description=Capacitor
Change Component Description : Designator=R2 Old Description=Chip Resistor, 10 KOhm, +/- 1%, 100 mW, -55 to 155 degC, 0402 (1005 Metric), RoHS, Tape and Reel New Description=Resistor
Change Component Description : Designator=R3 Old Description=Chip Resistor, 10 KOhm, +/- 1%, 100 mW, -55 to 155 degC, 0402 (1005 Metric), RoHS, Tape and Reel New Description=Resistor
Change Component Description : Designator=R1 Old Description=Chip Resistor, 10 KOhm, +/- 1%, 100 mW, -55 to 155 degC, 0603 (1608 Metric), RoHS, Tape and Reel New Description=Chip Resistor, 10 KOhm, +/- 1%, 100 mW, -55 to 155 degC, 0402 (1005 Metric), RoHS, Tape and Reel
Change Component Library : Designator=C3 Old Library=Altium Content Vault New Library=Miscellaneous Devices.IntLib
Change Component Library : Designator=C4 Old Library=Altium Content Vault New Library=Miscellaneous Devices.IntLib
Change Component Library : Designator=C5 Old Library=Altium Content Vault New Library=Miscellaneous Devices.IntLib
Change Component Library : Designator=R2 Old Library=Altium Content Vault New Library=Miscellaneous Devices.IntLib
Change Component Library : Designator=R3 Old Library=Altium Content Vault New Library=Miscellaneous Devices.IntLib
Added Component: Designator=D1(0603)
Added Component: Designator=D2(0603)
Added Component: Designator=L3(J1-0603)
Added Component: Designator=P3(HDR1X6)
Added Component: Designator=P4(HDR1X6)
Added Component: Designator=R6(0402)
Added Component: Designator=R8(0402)
Added Component: Designator=R9(0402)
Added Component: Designator=XX1(0402)
Added Pin To Net: NetName=3V0 Pin=C2-1
Added Pin To Net: NetName=GND Pin=C2-2
Added Pin To Net: NetName=VCOM Pin=C5-1
Added Pin To Net: NetName=GND Pin=D1-2
Added Pin To Net: NetName=GND Pin=D2-2
Added Pin To Net: NetName=GND Pin=P3-6
Added Pin To Net: NetName=1V8 Pin=P4-1
Added Pin To Net: NetName=GND Pin=P4-4
Added Pin To Net: NetName=GND Pin=P4-6
Added Pin To Net: NetName=GND Pin=R1-1
Added Pin To Net: NetName=1V8 Pin=R1-2
Added Pin To Net: NetName=VCOM Pin=R2-2
Added Pin To Net: NetName=GND Pin=R6-2
Added Pin To Net: NetName=GND Pin=R8-2
Added Pin To Net: NetName=GND Pin=R9-2
Added Net: Name=DEC1
Added Net: Name=DEC2
Added Net: Name=DEC3
Added Net: Name=DEC4
Added Pin To Net: NetName=NetA1_1 Pin=XX1-2
Added Net: Name=NetA1_1
Added Pin To Net: NetName=NetC3_1 Pin=C3-1
Added Pin To Net: NetName=NetC3_1 Pin=C4-1
Added Pin To Net: NetName=NetC3_1 Pin=L2.1-1
Added Net: Name=NetC3_1
Added Pin To Net: NetName=NetC3_2 Pin=C3-2
Added Pin To Net: NetName=NetC3_2 Pin=C4-2
Added Net: Name=NetC3_2
Added Net: Name=NetC30_1
Added Net: Name=NetC41_2
Added Pin To Net: NetName=NetD1_1 Pin=D1-1
Added Net: Name=NetD1_1
Added Pin To Net: NetName=NetD2_1 Pin=D2-1
Added Pin To Net: NetName=NetD2_1 Pin=R3-2
Added Net: Name=NetD2_1
Added Pin To Net: NetName=NetL2_2 Pin=L3-1
Added Net: Name=NetL2_2
Added Pin To Net: NetName=NetL3_2 Pin=L3-2
Added Net: Name=NetL3_2
Added Pin To Net: NetName=NetR2_1 Pin=R2-1
Added Net: Name=NetR2_1
Added Pin To Net: NetName=NetR3_1 Pin=R3-1
Added Net: Name=NetR3_1
Added Net: Name=NetR4_1
Added Pin To Net: NetName=NetR6_1 Pin=R6-1
Added Net: Name=NetR6_1
Added Pin To Net: NetName=NetR8_1 Pin=R8-1
Added Net: Name=NetR8_1
Added Pin To Net: NetName=NetR9_1 Pin=R9-1
Added Net: Name=NetR9_1
Added Net: Name=P0.00/XL1
Added Net: Name=P0.01/XL2
Added Pin To Net: NetName=P0.21/RESET Pin=P4-5
Added Net: Name=P0.21/RESET
Added Net: Name=P0.25
Added Net: Name=P0.26
Added Pin To Net: NetName=P0.27 Pin=P3-5
Added Net: Name=P0.27
Added Pin To Net: NetName=P0.28/AIN4 Pin=P3-4
Added Net: Name=P0.28/AIN4
Added Pin To Net: NetName=P0.29/AIN5 Pin=P3-3
Added Net: Name=P0.29/AIN5
Added Pin To Net: NetName=P0.30/AIN6 Pin=P3-2
Added Net: Name=P0.30/AIN6
Added Pin To Net: NetName=P0.31/AIN7 Pin=P3-1
Added Net: Name=P0.31/AIN7
Added Pin To Net: NetName=RF Pin=XX1-1
Added Net: Name=RF
Added Pin To Net: NetName=SWDCLK Pin=P4-3
Added Net: Name=SWDCLK
Added Pin To Net: NetName=SWDIO Pin=P4-2
Added Net: Name=SWDIO
Added Net: Name=XC1
Added Net: Name=XC2
Added Class: Name=Communications
Added Member To Class: ClassName=Power Member=Component C1 100nF
Added Member To Class: ClassName=Power Member=Component C2 100nF
Added Member To Class: ClassName=Power Member=Component C3 Cap
Added Member To Class: ClassName=Power Member=Component C4 Cap
Added Member To Class: ClassName=Power Member=Component C5 Cap
Added Member To Class: ClassName=Power Member=Component R2 R
Change Room Name: Old Name=GAP New Name=Power
Change Room Scope: Old Scope=InComponentClass('Room Definition 1') New Scope=InComponentClass('Power')
