Removed Pin From Net: NetName=GND Pin=R1-1
Removed Pin From Net: NetName=GND Pin=R7-1
Removed Pin From Net: NetName=1V8 Pin=U1-8
Removed Pin From Net: NetName=NetR11_2 Pin=U2-3
Removed Pin From Net: NetName=1V8 Pin=U2-8
Change Component Designator: OldDesignator=R? NewDesignator=R18
Added Component: Designator=R19(0402)
Added Component: Designator=R20(0402)
Added Pin To Net: NetName=NetU2_5 Pin=U5-B38
Added Pin To Net: NetName=NetR1_1 Pin=R1-1
Added Pin To Net: NetName=NetR1_1 Pin=R20-1
Added Pin To Net: NetName=NetR1_1 Pin=U2-8
Added Net: Name=NetR1_1
Added Pin To Net: NetName=NetR7_1 Pin=R7-1
Added Pin To Net: NetName=NetR7_1 Pin=R19-2
Added Pin To Net: NetName=NetR7_1 Pin=U1-8
Added Net: Name=NetR7_1
Added Pin To Net: NetName=NetR19_1 Pin=R19-1
Added Pin To Net: NetName=NetR19_1 Pin=U6-27
Added Net: Name=NetR19_1
Added Pin To Net: NetName=NetR20_2 Pin=R20-2
Added Pin To Net: NetName=NetR20_2 Pin=U6-23
Added Net: Name=NetR20_2
Added Pin To Net: NetName=NetU2_3 Pin=U2-3
Added Net: Name=NetU2_3
Added Member To Class: ClassName=Communications Member=Component R19 NC
Added Member To Class: ClassName=Communications Member=Component R20 NC
