Added Component: Designator=C53(cap_0402_R - modified)
Added Component: Designator=C54(cap_0402_R - modified)
Added Component: Designator=R21(cap_0402_R - modified)
Added Component: Designator=U8(SOT_23__DBV_(R - PDSO - G5))
Added Pin To Net: NetName=GND Pin=C53-1
Added Pin To Net: NetName=GND Pin=C54-2
Added Pin To Net: NetName=VCOM Pin=R21-2
Added Pin To Net: NetName=VCOM Pin=U8-1
Added Pin To Net: NetName=GND Pin=U8-2
Added Pin To Net: NetName=2V5 Pin=C54-1
Added Pin To Net: NetName=2V5 Pin=U8-5
Added Net: Name=2V5
Added Pin To Net: NetName=NetC53_2 Pin=C53-2
Added Pin To Net: NetName=NetC53_2 Pin=U8-4
Added Net: Name=NetC53_2
Added Pin To Net: NetName=NetR21_1 Pin=R21-1
Added Pin To Net: NetName=NetR21_1 Pin=U8-3
Added Net: Name=NetR21_1
Added Member To Class: ClassName=Power Member=Component C53 Cap
Added Member To Class: ClassName=Power Member=Component C54 Cap
Added Member To Class: ClassName=Power Member=Component R21 R
Added Member To Class: ClassName=Power Member=Component U8 TPS79333
