Added Component: Designator=C31(CAPC1608X06L)
Added Component: Designator=C32(CAPC1005X04L)
Added Component: Designator=C33(CAPC1005X04L)
Added Component: Designator=C34(CAPC1005X04L)
Added Component: Designator=C35(CAPC1608X06L)
Added Component: Designator=C36(CAPC1005X04L)
Added Component: Designator=C37(CAPC1005X04L)
Added Component: Designator=C38(CAPC1005X04L)
Added Component: Designator=C39(CAPC1005X04L)
Added Component: Designator=C40(CAPC1005X04L)
Added Component: Designator=C41(CAPC1005X04L)
Added Component: Designator=C42(CAPC1005X04L)
Added Component: Designator=L2(INDC1005X04L)
Added Component: Designator=L4(INDC1005X04L)
Added Component: Designator=U4(QFN40P600X600X90-48N)
Added Component: Designator=X1(BT-XTAL_2016)
Added Component: Designator=X2(XTAL_3215)
Added Component: Designator=XX2(INDC1005X04L)
Added Component: Designator=XX3(INDC1005X04L)
Added Pin To Net: NetName=GND Pin=C31-1
Added Pin To Net: NetName=DEC4 Pin=C31-2
Added Pin To Net: NetName=DEC1 Pin=C32-1
Added Pin To Net: NetName=GND Pin=C32-2
Added Pin To Net: NetName=XC2 Pin=C33-1
Added Pin To Net: NetName=GND Pin=C33-2
Added Pin To Net: NetName=P0.00/XL1 Pin=C34-1
Added Pin To Net: NetName=GND Pin=C34-2
Added Pin To Net: NetName=1V8 Pin=C35-1
Added Pin To Net: NetName=GND Pin=C35-2
Added Pin To Net: NetName=XC1 Pin=C36-1
Added Pin To Net: NetName=GND Pin=C36-2
Added Pin To Net: NetName=P0.01/XL2 Pin=C37-1
Added Pin To Net: NetName=GND Pin=C37-2
Added Pin To Net: NetName=1V8 Pin=C38-1
Added Pin To Net: NetName=GND Pin=C38-2
Added Pin To Net: NetName=DEC3 Pin=C39-1
Added Pin To Net: NetName=GND Pin=C39-2
Added Pin To Net: NetName=GND Pin=C40-1
Added Pin To Net: NetName=DEC2 Pin=C40-2
Added Pin To Net: NetName=GND Pin=C41-1
Added Pin To Net: NetName=NetC41_2 Pin=C41-2
Added Pin To Net: NetName=1V8 Pin=C42-1
Added Pin To Net: NetName=GND Pin=C42-2
Added Pin To Net: NetName=DEC4 Pin=L2-1
Added Pin To Net: NetName=NetL2_2 Pin=L2-2
Added Pin To Net: NetName=NetC41_2 Pin=L4-1
Added Pin To Net: NetName=RF Pin=L4-2
Added Pin To Net: NetName=DEC1 Pin=U4-1
Added Pin To Net: NetName=P0.00/XL1 Pin=U4-2
Added Pin To Net: NetName=P0.01/XL2 Pin=U4-3
Added Pin To Net: NetName=NetR9_1 Pin=U4-10
Added Pin To Net: NetName=NetR8_1 Pin=U4-11
Added Pin To Net: NetName=NetR6_1 Pin=U4-12
Added Pin To Net: NetName=1V8 Pin=U4-13
Added Pin To Net: NetName=P0.21/RESET Pin=U4-24
Added Pin To Net: NetName=SWDCLK Pin=U4-25
Added Pin To Net: NetName=SWDIO Pin=U4-26
Added Pin To Net: NetName=NetR4_1 Pin=U4-28
Added Pin To Net: NetName=NetR3_1 Pin=U4-29
Added Pin To Net: NetName=NetC41_2 Pin=U4-30
Added Pin To Net: NetName=GND Pin=U4-31
Added Pin To Net: NetName=DEC2 Pin=U4-32
Added Pin To Net: NetName=DEC3 Pin=U4-33
Added Pin To Net: NetName=XC1 Pin=U4-34
Added Pin To Net: NetName=XC2 Pin=U4-35
Added Pin To Net: NetName=1V8 Pin=U4-36
Added Pin To Net: NetName=P0.25 Pin=U4-37
Added Pin To Net: NetName=P0.26 Pin=U4-38
Added Pin To Net: NetName=P0.27 Pin=U4-39
Added Pin To Net: NetName=P0.28/AIN4 Pin=U4-40
Added Pin To Net: NetName=P0.29/AIN5 Pin=U4-41
Added Pin To Net: NetName=P0.30/AIN6 Pin=U4-42
Added Pin To Net: NetName=P0.31/AIN7 Pin=U4-43
Added Pin To Net: NetName=GND Pin=U4-45
Added Pin To Net: NetName=DEC4 Pin=U4-46
Added Pin To Net: NetName=NetL3_2 Pin=U4-47
Added Pin To Net: NetName=1V8 Pin=U4-48
Added Pin To Net: NetName=GND Pin=U4-49
Added Pin To Net: NetName=XC1 Pin=X1-1
Added Pin To Net: NetName=GND Pin=X1-2
Added Pin To Net: NetName=XC2 Pin=X1-3
Added Pin To Net: NetName=GND Pin=X1-4
Added Pin To Net: NetName=P0.00/XL1 Pin=X2-1
Added Pin To Net: NetName=P0.01/XL2 Pin=X2-2
Added Pin To Net: NetName=RF Pin=XX2-1
Added Pin To Net: NetName=GND Pin=XX2-2
Added Pin To Net: NetName=NetA1_1 Pin=XX3-1
Added Pin To Net: NetName=GND Pin=XX3-2
Added Member To Class: ClassName=Communications Member=Component C31 1.0µF
Added Member To Class: ClassName=Communications Member=Component C32 100nF
Added Member To Class: ClassName=Communications Member=Component C33 12pF
Added Member To Class: ClassName=Communications Member=Component C34 12pF
Added Member To Class: ClassName=Communications Member=Component C35 4.7µF
Added Member To Class: ClassName=Communications Member=Component C36 12pF
Added Member To Class: ClassName=Communications Member=Component C37 12pF
Added Member To Class: ClassName=Communications Member=Component C38 100nF
Added Member To Class: ClassName=Communications Member=Component C39 100pF
Added Member To Class: ClassName=Communications Member=Component C40 N.C.
Added Member To Class: ClassName=Communications Member=Component C41 0.8pF
Added Member To Class: ClassName=Communications Member=Component C42 100nF
Added Member To Class: ClassName=Communications Member=Component L2 LQW15AN15NJ00D
Added Member To Class: ClassName=Communications Member=Component L4 3.9nH
Added Member To Class: ClassName=Communications Member=Component U4 nRF52832-QFAA
Added Member To Class: ClassName=Communications Member=Component X1 FA-128 32.0000MF10Z-AJ3-ND
Added Member To Class: ClassName=Communications Member=Component X2 ABS07AIG-32.768kHz-9-1-T
Added Member To Class: ClassName=Communications Member=Component XX2 NC
Added Member To Class: ClassName=Communications Member=Component XX3 NC
Added Room: Name=Communications
Added Room: Name=GAPandPeripherals
