Removed Pin From Net: NetName=GND Pin=C21-1
Removed Pin From Net: NetName=1V8 Pin=C21-2
Removed Pin From Net: NetName=GND Pin=C28-1
Removed Pin From Net: NetName=1V8 Pin=C28-2
Removed Pin From Net: NetName=Mem_\R\S\T\O\2 Pin=M2-A2
Removed Pin From Net: NetName=\C\S\2\1\ Pin=M2-A3
Removed Pin From Net: NetName=1V8 Pin=M2-A4
Removed Pin From Net: NetName=Mem_INT2 Pin=M2-A5
Removed Pin From Net: NetName=GND Pin=M2-B3
Removed Pin From Net: NetName=1V8 Pin=M2-B4
Removed Pin From Net: NetName=GND Pin=M2-C1
Removed Pin From Net: NetName=\C\S\2\0\ Pin=M2-C2
Removed Pin From Net: NetName=HYPER.RWDS Pin=M2-C3
Removed Pin From Net: NetName=DQ2 Pin=M2-C4
Removed Pin From Net: NetName=1V8 Pin=M2-D1
Removed Pin From Net: NetName=DQ1 Pin=M2-D2
Removed Pin From Net: NetName=DQ0 Pin=M2-D3
Removed Pin From Net: NetName=DQ3 Pin=M2-D4
Removed Pin From Net: NetName=DQ4 Pin=M2-D5
Removed Pin From Net: NetName=DQ7 Pin=M2-E1
Removed Pin From Net: NetName=DQ6 Pin=M2-E2
Removed Pin From Net: NetName=DQ5 Pin=M2-E3
Removed Pin From Net: NetName=1V8 Pin=M2-E4
Removed Pin From Net: NetName=GND Pin=M2-E5
Removed Member From Class: ClassName=GAPandPeripherals Member=C21
Removed Member From Class: ClassName=GAPandPeripherals Member=C28
Removed Member From Class: ClassName=GAPandPeripherals Member=M2
Removed Member From Class: ClassName=Undefined Member=CK2_n
Removed Member From Class: ClassName=Undefined Member=CK2_p
Added Pin To Net: NetName=CK_N Pin=M1-B1
Added Pin To Net: NetName=CK_N Pin=U5-A15
Added Net: Name=CK_N
Added Pin To Net: NetName=CK_P Pin=M1-B2
Added Pin To Net: NetName=CK_P Pin=U5-B14
Added Net: Name=CK_P
Added Differential Pair: Name=CK
Added Member To Class: ClassName=Undefined Member=Wire CK_N
Added Member To Class: ClassName=Undefined Member=Wire CK_P
